\BOOKMARK [0][-]{chapter*.4}{LISTA DE FIGURAS}{}% 1
\BOOKMARK [0][-]{chapter*.5}{LISTA DE TABLAS}{}% 2
\BOOKMARK [0][-]{chapter*.6}{LISTA DE S\315MBOLOS}{}% 3
\BOOKMARK [0][-]{chapter*.7}{LISTA DE ABREVIATURAS}{}% 4
\BOOKMARK [0][-]{chapter.1}{INTRODUCCI\323N}{}% 5
\BOOKMARK [1][-]{section.1.1}{Objetivos}{chapter.1}% 6
\BOOKMARK [2][-]{subsection.1.1.1}{Objetivo General}{section.1.1}% 7
\BOOKMARK [2][-]{subsection.1.1.2}{Objetivos espec\355ficos}{section.1.1}% 8
\BOOKMARK [1][-]{section.1.2}{Estructura de la tesis}{chapter.1}% 9
\BOOKMARK [0][-]{chapter.2}{MARCO TE\323RICO}{}% 10
\BOOKMARK [1][-]{section.2.1}{Ecualizaci\363n del Histograma}{chapter.2}% 11
\BOOKMARK [1][-]{section.2.2}{Espacios de Color Adoptados}{chapter.2}% 12
\BOOKMARK [2][-]{subsection.2.2.1}{Contrast Limited Adaptive Histogram Equalization \(CLAHE\)}{section.2.2}% 13
\BOOKMARK [2][-]{subsection.2.2.2}{Multi-Objective Particle Swarm Optimization \(MOPSO\)}{section.2.2}% 14
\BOOKMARK [2][-]{subsection.2.2.3}{Entrop\355a de la imagen}{section.2.2}% 15
\BOOKMARK [2][-]{subsection.2.2.4}{\315ndice de Similaridad Estructural}{section.2.2}% 16
\BOOKMARK [0][-]{chapter.3}{FORMULACI\323N DEL PROBLEMA PLANTEADO Y PROPUESTA}{}% 17
\BOOKMARK [1][-]{section.3.1}{Formulaci\363n del problema planteado}{chapter.3}% 18
\BOOKMARK [1][-]{section.3.2}{Propuesta}{chapter.3}% 19
\BOOKMARK [0][-]{chapter.4}{RESULTADOS Y DISCUSI\323N}{}% 20
\BOOKMARK [0][-]{chapter.5}{CONCLUSIONES Y TRABAJOS FUTUROS}{}% 21
\BOOKMARK [1][-]{section.5.1}{Trabajos futuros}{chapter.5}% 22
\BOOKMARK [0][-]{chapter*.15}{REFERENCIAS BIBLIOGR\301FICAS}{}% 23
\BOOKMARK [1][-]{section.Alph0.1}{Imagen de prueba calhouse\137230.jpg}{chapter*.15}% 24
\BOOKMARK [1][-]{section.Alph0.2}{Imagen de prueba calhouse\137231.jpg}{chapter*.15}% 25
\BOOKMARK [1][-]{section.Alph0.3}{Imagen de prueba calhouse\137233.jpg}{chapter*.15}% 26
