This is pdfTeX, Version 3.14159265-2.6-1.40.18 (TeX Live 2017/Debian) (preloaded format=pdflatex 2017.11.3)  11 DEC 2017 14:09
entering extended mode
 restricted \write18 enabled.
 %&-line parsing enabled.
**/home/lg_more/github/maestria-tesis/libro/thesis.tex
(/home/lg_more/github/maestria-tesis/libro/thesis.tex
LaTeX2e <2017-04-15>
Babel <3.12> and hyphenation patterns for 84 language(s) loaded.
(/home/lg_more/github/maestria-tesis/libro/coppe.cls
Document Class: coppe 2009/11/17\ v2.1.1\ COPPE Dissertations and Thesis
(/usr/share/texlive/texmf-dist/tex/latex/base/book.cls
Document Class: book 2014/09/29 v1.4h Standard LaTeX document class
(/usr/share/texlive/texmf-dist/tex/latex/base/bk12.clo
File: bk12.clo 2014/09/29 v1.4h Standard LaTeX file (size option)
)
\c@part=\count79
\c@chapter=\count80
\c@section=\count81
\c@subsection=\count82
\c@subsubsection=\count83
\c@paragraph=\count84
\c@subparagraph=\count85
\c@figure=\count86
\c@table=\count87
\abovecaptionskip=\skip41
\belowcaptionskip=\skip42
\bibindent=\dimen102
) (/usr/share/texlive/texmf-dist/tex/latex/natbib/natbib.sty
Package: natbib 2010/09/13 8.31b (PWD, AO)
\bibhang=\skip43
\bibsep=\skip44
LaTeX Info: Redefining \cite on input line 694.
\c@NAT@ctr=\count88
) (/usr/share/texlive/texmf-dist/tex/latex/hyphenat/hyphenat.sty
Package: hyphenat 2009/09/02 v2.3c hyphenation utilities
\langwohyphens=\language84
LaTeX Info: Redefining \_ on input line 43.
) (/usr/share/texlive/texmf-dist/tex/latex/lastpage/lastpage.sty
Package: lastpage 2015/03/29 v1.2m Refers to last page's name (HMM; JPG)
) (/usr/share/texlive/texmf-dist/tex/latex/hyperref/hyperref.sty
Package: hyperref 2017/03/14 v6.85a Hypertext links for LaTeX
(/usr/share/texlive/texmf-dist/tex/generic/oberdiek/hobsub-hyperref.sty
Package: hobsub-hyperref 2016/05/16 v1.14 Bundle oberdiek, subset hyperref (HO)

(/usr/share/texlive/texmf-dist/tex/generic/oberdiek/hobsub-generic.sty
Package: hobsub-generic 2016/05/16 v1.14 Bundle oberdiek, subset generic (HO)
Package: hobsub 2016/05/16 v1.14 Construct package bundles (HO)
Package: infwarerr 2016/05/16 v1.4 Providing info/warning/error messages (HO)
Package: ltxcmds 2016/05/16 v1.23 LaTeX kernel commands for general use (HO)
Package: ifluatex 2016/05/16 v1.4 Provides the ifluatex switch (HO)
Package ifluatex Info: LuaTeX not detected.
Package: ifvtex 2016/05/16 v1.6 Detect VTeX and its facilities (HO)
Package ifvtex Info: VTeX not detected.
Package: intcalc 2016/05/16 v1.2 Expandable calculations with integers (HO)
Package: ifpdf 2017/03/15 v3.2 Provides the ifpdf switch
Package: etexcmds 2016/05/16 v1.6 Avoid name clashes with e-TeX commands (HO)
Package etexcmds Info: Could not find \expanded.
(etexcmds)             That can mean that you are not using pdfTeX 1.50 or
(etexcmds)             that some package has redefined \expanded.
(etexcmds)             In the latter case, load this package earlier.
Package: kvsetkeys 2016/05/16 v1.17 Key value parser (HO)
Package: kvdefinekeys 2016/05/16 v1.4 Define keys (HO)
Package: pdftexcmds 2017/03/19 v0.25 Utility functions of pdfTeX for LuaTeX (HO
)
Package pdftexcmds Info: LuaTeX not detected.
Package pdftexcmds Info: \pdf@primitive is available.
Package pdftexcmds Info: \pdf@ifprimitive is available.
Package pdftexcmds Info: \pdfdraftmode found.
Package: pdfescape 2016/05/16 v1.14 Implements pdfTeX's escape features (HO)
Package: bigintcalc 2016/05/16 v1.4 Expandable calculations on big integers (HO
)
Package: bitset 2016/05/16 v1.2 Handle bit-vector datatype (HO)
Package: uniquecounter 2016/05/16 v1.3 Provide unlimited unique counter (HO)
)
Package hobsub Info: Skipping package `hobsub' (already loaded).
Package: letltxmacro 2016/05/16 v1.5 Let assignment for LaTeX macros (HO)
Package: hopatch 2016/05/16 v1.3 Wrapper for package hooks (HO)
Package: xcolor-patch 2016/05/16 xcolor patch
Package: atveryend 2016/05/16 v1.9 Hooks at the very end of document (HO)
Package atveryend Info: \enddocument detected (standard20110627).
Package: atbegshi 2016/06/09 v1.18 At begin shipout hook (HO)
Package: refcount 2016/05/16 v3.5 Data extraction from label references (HO)
Package: hycolor 2016/05/16 v1.8 Color options for hyperref/bookmark (HO)
) (/usr/share/texlive/texmf-dist/tex/latex/graphics/keyval.sty
Package: keyval 2014/10/28 v1.15 key=value parser (DPC)
\KV@toks@=\toks14
) (/usr/share/texlive/texmf-dist/tex/generic/ifxetex/ifxetex.sty
Package: ifxetex 2010/09/12 v0.6 Provides ifxetex conditional
) (/usr/share/texlive/texmf-dist/tex/latex/oberdiek/auxhook.sty
Package: auxhook 2016/05/16 v1.4 Hooks for auxiliary files (HO)
) (/usr/share/texlive/texmf-dist/tex/latex/oberdiek/kvoptions.sty
Package: kvoptions 2016/05/16 v3.12 Key value format for package options (HO)
)
\@linkdim=\dimen103
\Hy@linkcounter=\count89
\Hy@pagecounter=\count90
(/usr/share/texlive/texmf-dist/tex/latex/hyperref/pd1enc.def
File: pd1enc.def 2017/03/14 v6.85a Hyperref: PDFDocEncoding definition (HO)
)
\Hy@SavedSpaceFactor=\count91
(/usr/share/texlive/texmf-dist/tex/latex/latexconfig/hyperref.cfg
File: hyperref.cfg 2002/06/06 v1.2 hyperref configuration of TeXLive
)
Package hyperref Info: Option `plainpages' set `false' on input line 4374.
Package hyperref Info: Option `pdfpagelabels' set `true' on input line 4374.
Package hyperref Info: Hyper figures OFF on input line 4498.
Package hyperref Info: Link nesting OFF on input line 4503.
Package hyperref Info: Hyper index ON on input line 4506.
Package hyperref Info: Plain pages OFF on input line 4513.
Package hyperref Info: Backreferencing OFF on input line 4518.
Package hyperref Info: Implicit mode ON; LaTeX internals redefined.
Package hyperref Info: Bookmarks ON on input line 4751.
\c@Hy@tempcnt=\count92
(/usr/share/texlive/texmf-dist/tex/latex/url/url.sty
\Urlmuskip=\muskip10
Package: url 2013/09/16  ver 3.4  Verb mode for urls, etc.
)
LaTeX Info: Redefining \url on input line 5104.
\XeTeXLinkMargin=\dimen104
\Fld@menulength=\count93
\Field@Width=\dimen105
\Fld@charsize=\dimen106
Package hyperref Info: Hyper figures OFF on input line 6358.
Package hyperref Info: Link nesting OFF on input line 6363.
Package hyperref Info: Hyper index ON on input line 6366.
Package hyperref Info: backreferencing OFF on input line 6373.
Package hyperref Info: Link coloring OFF on input line 6378.
Package hyperref Info: Link coloring with OCG OFF on input line 6383.
Package hyperref Info: PDF/A mode OFF on input line 6388.
LaTeX Info: Redefining \ref on input line 6428.
LaTeX Info: Redefining \pageref on input line 6432.
\Hy@abspage=\count94
\c@Item=\count95
\c@Hfootnote=\count96
)

Package hyperref Message: Driver: hpdftex.

(/usr/share/texlive/texmf-dist/tex/latex/hyperref/hpdftex.def
File: hpdftex.def 2017/03/14 v6.85a Hyperref driver for pdfTeX
\Fld@listcount=\count97
\c@bookmark@seq@number=\count98
(/usr/share/texlive/texmf-dist/tex/latex/oberdiek/rerunfilecheck.sty
Package: rerunfilecheck 2016/05/16 v1.8 Rerun checks for auxiliary files (HO)
Package uniquecounter Info: New unique counter `rerunfilecheck' on input line 2
82.
)
\Hy@SectionHShift=\skip45
) (/usr/share/texlive/texmf-dist/tex/latex/base/ifthen.sty
Package: ifthen 2014/09/29 v1.1c Standard LaTeX ifthen package (DPC)
) (/usr/share/texlive/texmf-dist/tex/latex/graphics/graphicx.sty
Package: graphicx 2017/06/01 v1.1a Enhanced LaTeX Graphics (DPC,SPQR)
(/usr/share/texlive/texmf-dist/tex/latex/graphics/graphics.sty
Package: graphics 2017/06/25 v1.2c Standard LaTeX Graphics (DPC,SPQR)
(/usr/share/texlive/texmf-dist/tex/latex/graphics/trig.sty
Package: trig 2016/01/03 v1.10 sin cos tan (DPC)
) (/usr/share/texlive/texmf-dist/tex/latex/graphics-cfg/graphics.cfg
File: graphics.cfg 2016/06/04 v1.11 sample graphics configuration
)
Package graphics Info: Driver file: pdftex.def on input line 99.
(/usr/share/texlive/texmf-dist/tex/latex/graphics-def/pdftex.def
File: pdftex.def 2017/06/24 v1.0g Graphics/color driver for pdftex
))
\Gin@req@height=\dimen107
\Gin@req@width=\dimen108
) (/usr/share/texlive/texmf-dist/tex/latex/setspace/setspace.sty
Package: setspace 2011/12/19 v6.7a set line spacing
) (/usr/share/texlive/texmf-dist/tex/latex/tools/tabularx.sty
Package: tabularx 2016/02/03 v2.11 `tabularx' package (DPC)
(/usr/share/texlive/texmf-dist/tex/latex/tools/array.sty
Package: array 2016/10/06 v2.4d Tabular extension package (FMi)
\col@sep=\dimen109
\extrarowheight=\dimen110
\NC@list=\toks15
\extratabsurround=\skip46
\backup@length=\skip47
)
\TX@col@width=\dimen111
\TX@old@table=\dimen112
\TX@old@col=\dimen113
\TX@target=\dimen114
\TX@delta=\dimen115
\TX@cols=\count99
\TX@ftn=\toks16
) (/usr/share/texlive/texmf-dist/tex/latex/eqparbox/eqparbox.sty
Package: eqparbox 2013/03/15 v4.0 Create equal-widthed boxes
\eqp@tempdima=\skip48
\eqp@tempdimb=\skip49
\eqp@tabular@box=\box26
\eqp@list@box=\box27
\eqp@list@indent=\skip50
(/usr/share/texlive/texmf-dist/tex/latex/environ/environ.sty
Package: environ 2014/05/04 v0.3 A new way to define environments
(/usr/share/texlive/texmf-dist/tex/latex/trimspaces/trimspaces.sty
Package: trimspaces 2009/09/17 v1.1 Trim spaces around a token list
)
\@envbody=\toks17
)) (/usr/share/texlive/texmf-dist/tex/latex/geometry/geometry.sty
Package: geometry 2010/09/12 v5.6 Page Geometry
\Gm@cnth=\count100
\Gm@cntv=\count101
\c@Gm@tempcnt=\count102
\Gm@bindingoffset=\dimen116
\Gm@wd@mp=\dimen117
\Gm@odd@mp=\dimen118
\Gm@even@mp=\dimen119
\Gm@layoutwidth=\dimen120
\Gm@layoutheight=\dimen121
\Gm@layouthoffset=\dimen122
\Gm@layoutvoffset=\dimen123
\Gm@dimlist=\toks18
) (/usr/share/texlive/texmf-dist/tex/latex/fancyhdr/fancyhdr.sty
Package: fancyhdr 2017/06/30 v3.9a Extensive control of page headers and footer
s
\f@nch@headwidth=\skip51
\f@nch@O@elh=\skip52
\f@nch@O@erh=\skip53
\f@nch@O@olh=\skip54
\f@nch@O@orh=\skip55
\f@nch@O@elf=\skip56
\f@nch@O@erf=\skip57
\f@nch@O@olf=\skip58
\f@nch@O@orf=\skip59
) (/usr/share/texlive/texmf-dist/tex/latex/titlesec/titlesec.sty
Package: titlesec 2016/03/21 v2.10.2 Sectioning titles
\ttl@box=\box28
\beforetitleunit=\skip60
\aftertitleunit=\skip61
\ttl@plus=\dimen124
\ttl@minus=\dimen125
\ttl@toksa=\toks19
\titlewidth=\dimen126
\titlewidthlast=\dimen127
\titlewidthfirst=\dimen128
)
\@advisor=\count103
\@examiner=\count104
\c@keywords=\count105
\bibindent=\dimen129
) (/usr/share/texlive/texmf-dist/tex/generic/babel/babel.sty
Package: babel 2017/06/29 3.12 The Babel package
(/usr/share/texlive/texmf-dist/tex/generic/babel/switch.def
File: switch.def 2017/06/29 3.12 Babel switching mechanism
) (/usr/share/texlive/texmf-dist/tex/generic/babel-english/english.ldf
Language: english 2017/06/06 v3.3r English support from the babel system
(/usr/share/texlive/texmf-dist/tex/generic/babel/babel.def
File: babel.def 2017/06/29 3.12 Babel common definitions
(/usr/share/texlive/texmf-dist/tex/generic/babel/switch.def
File: switch.def 2017/06/29 3.12 Babel switching mechanism
)
\babel@savecnt=\count106
\U@D=\dimen130
)
\l@canadian = a dialect from \language\l@american 
\l@australian = a dialect from \language\l@british 
\l@newzealand = a dialect from \language\l@british 
) (/usr/share/texlive/texmf-dist/tex/generic/babel-spanish/spanish.ldf
Language: spanish.ldf 2016/03/03 v5.0p Spanish support from the babel system
\es@quottoks=\toks20
\es@quotdepth=\count107
Package babel Info: Making " an active character on input line 561.
Package babel Info: Making . an active character on input line 662.
Package babel Info: Making < an active character on input line 707.
Package babel Info: Making > an active character on input line 707.
)) (/usr/share/texlive/texmf-dist/tex/latex/base/inputenc.sty
Package: inputenc 2015/03/17 v1.2c Input encoding file
\inpenc@prehook=\toks21
\inpenc@posthook=\toks22
(/usr/share/texlive/texmf-dist/tex/latex/base/utf8.def
File: utf8.def 2017/01/28 v1.1t UTF-8 support for inputenc
Now handling font encoding OML ...
... no UTF-8 mapping file for font encoding OML
Now handling font encoding T1 ...
... processing UTF-8 mapping file for font encoding T1
(/usr/share/texlive/texmf-dist/tex/latex/base/t1enc.dfu
File: t1enc.dfu 2017/01/28 v1.1t UTF-8 support for inputenc
   defining Unicode char U+00A0 (decimal 160)
   defining Unicode char U+00A1 (decimal 161)
   defining Unicode char U+00A3 (decimal 163)
   defining Unicode char U+00AB (decimal 171)
   defining Unicode char U+00AD (decimal 173)
   defining Unicode char U+00BB (decimal 187)
   defining Unicode char U+00BF (decimal 191)
   defining Unicode char U+00C0 (decimal 192)
   defining Unicode char U+00C1 (decimal 193)
   defining Unicode char U+00C2 (decimal 194)
   defining Unicode char U+00C3 (decimal 195)
   defining Unicode char U+00C4 (decimal 196)
   defining Unicode char U+00C5 (decimal 197)
   defining Unicode char U+00C6 (decimal 198)
   defining Unicode char U+00C7 (decimal 199)
   defining Unicode char U+00C8 (decimal 200)
   defining Unicode char U+00C9 (decimal 201)
   defining Unicode char U+00CA (decimal 202)
   defining Unicode char U+00CB (decimal 203)
   defining Unicode char U+00CC (decimal 204)
   defining Unicode char U+00CD (decimal 205)
   defining Unicode char U+00CE (decimal 206)
   defining Unicode char U+00CF (decimal 207)
   defining Unicode char U+00D0 (decimal 208)
   defining Unicode char U+00D1 (decimal 209)
   defining Unicode char U+00D2 (decimal 210)
   defining Unicode char U+00D3 (decimal 211)
   defining Unicode char U+00D4 (decimal 212)
   defining Unicode char U+00D5 (decimal 213)
   defining Unicode char U+00D6 (decimal 214)
   defining Unicode char U+00D8 (decimal 216)
   defining Unicode char U+00D9 (decimal 217)
   defining Unicode char U+00DA (decimal 218)
   defining Unicode char U+00DB (decimal 219)
   defining Unicode char U+00DC (decimal 220)
   defining Unicode char U+00DD (decimal 221)
   defining Unicode char U+00DE (decimal 222)
   defining Unicode char U+00DF (decimal 223)
   defining Unicode char U+00E0 (decimal 224)
   defining Unicode char U+00E1 (decimal 225)
   defining Unicode char U+00E2 (decimal 226)
   defining Unicode char U+00E3 (decimal 227)
   defining Unicode char U+00E4 (decimal 228)
   defining Unicode char U+00E5 (decimal 229)
   defining Unicode char U+00E6 (decimal 230)
   defining Unicode char U+00E7 (decimal 231)
   defining Unicode char U+00E8 (decimal 232)
   defining Unicode char U+00E9 (decimal 233)
   defining Unicode char U+00EA (decimal 234)
   defining Unicode char U+00EB (decimal 235)
   defining Unicode char U+00EC (decimal 236)
   defining Unicode char U+00ED (decimal 237)
   defining Unicode char U+00EE (decimal 238)
   defining Unicode char U+00EF (decimal 239)
   defining Unicode char U+00F0 (decimal 240)
   defining Unicode char U+00F1 (decimal 241)
   defining Unicode char U+00F2 (decimal 242)
   defining Unicode char U+00F3 (decimal 243)
   defining Unicode char U+00F4 (decimal 244)
   defining Unicode char U+00F5 (decimal 245)
   defining Unicode char U+00F6 (decimal 246)
   defining Unicode char U+00F8 (decimal 248)
   defining Unicode char U+00F9 (decimal 249)
   defining Unicode char U+00FA (decimal 250)
   defining Unicode char U+00FB (decimal 251)
   defining Unicode char U+00FC (decimal 252)
   defining Unicode char U+00FD (decimal 253)
   defining Unicode char U+00FE (decimal 254)
   defining Unicode char U+00FF (decimal 255)
   defining Unicode char U+0100 (decimal 256)
   defining Unicode char U+0101 (decimal 257)
   defining Unicode char U+0102 (decimal 258)
   defining Unicode char U+0103 (decimal 259)
   defining Unicode char U+0104 (decimal 260)
   defining Unicode char U+0105 (decimal 261)
   defining Unicode char U+0106 (decimal 262)
   defining Unicode char U+0107 (decimal 263)
   defining Unicode char U+0108 (decimal 264)
   defining Unicode char U+0109 (decimal 265)
   defining Unicode char U+010A (decimal 266)
   defining Unicode char U+010B (decimal 267)
   defining Unicode char U+010C (decimal 268)
   defining Unicode char U+010D (decimal 269)
   defining Unicode char U+010E (decimal 270)
   defining Unicode char U+010F (decimal 271)
   defining Unicode char U+0110 (decimal 272)
   defining Unicode char U+0111 (decimal 273)
   defining Unicode char U+0112 (decimal 274)
   defining Unicode char U+0113 (decimal 275)
   defining Unicode char U+0114 (decimal 276)
   defining Unicode char U+0115 (decimal 277)
   defining Unicode char U+0116 (decimal 278)
   defining Unicode char U+0117 (decimal 279)
   defining Unicode char U+0118 (decimal 280)
   defining Unicode char U+0119 (decimal 281)
   defining Unicode char U+011A (decimal 282)
   defining Unicode char U+011B (decimal 283)
   defining Unicode char U+011C (decimal 284)
   defining Unicode char U+011D (decimal 285)
   defining Unicode char U+011E (decimal 286)
   defining Unicode char U+011F (decimal 287)
   defining Unicode char U+0120 (decimal 288)
   defining Unicode char U+0121 (decimal 289)
   defining Unicode char U+0122 (decimal 290)
   defining Unicode char U+0123 (decimal 291)
   defining Unicode char U+0124 (decimal 292)
   defining Unicode char U+0125 (decimal 293)
   defining Unicode char U+0128 (decimal 296)
   defining Unicode char U+0129 (decimal 297)
   defining Unicode char U+012A (decimal 298)
   defining Unicode char U+012B (decimal 299)
   defining Unicode char U+012C (decimal 300)
   defining Unicode char U+012D (decimal 301)
   defining Unicode char U+012E (decimal 302)
   defining Unicode char U+012F (decimal 303)
   defining Unicode char U+0130 (decimal 304)
   defining Unicode char U+0131 (decimal 305)
   defining Unicode char U+0132 (decimal 306)
   defining Unicode char U+0133 (decimal 307)
   defining Unicode char U+0134 (decimal 308)
   defining Unicode char U+0135 (decimal 309)
   defining Unicode char U+0136 (decimal 310)
   defining Unicode char U+0137 (decimal 311)
   defining Unicode char U+0139 (decimal 313)
   defining Unicode char U+013A (decimal 314)
   defining Unicode char U+013B (decimal 315)
   defining Unicode char U+013C (decimal 316)
   defining Unicode char U+013D (decimal 317)
   defining Unicode char U+013E (decimal 318)
   defining Unicode char U+0141 (decimal 321)
   defining Unicode char U+0142 (decimal 322)
   defining Unicode char U+0143 (decimal 323)
   defining Unicode char U+0144 (decimal 324)
   defining Unicode char U+0145 (decimal 325)
   defining Unicode char U+0146 (decimal 326)
   defining Unicode char U+0147 (decimal 327)
   defining Unicode char U+0148 (decimal 328)
   defining Unicode char U+014A (decimal 330)
   defining Unicode char U+014B (decimal 331)
   defining Unicode char U+014C (decimal 332)
   defining Unicode char U+014D (decimal 333)
   defining Unicode char U+014E (decimal 334)
   defining Unicode char U+014F (decimal 335)
   defining Unicode char U+0150 (decimal 336)
   defining Unicode char U+0151 (decimal 337)
   defining Unicode char U+0152 (decimal 338)
   defining Unicode char U+0153 (decimal 339)
   defining Unicode char U+0154 (decimal 340)
   defining Unicode char U+0155 (decimal 341)
   defining Unicode char U+0156 (decimal 342)
   defining Unicode char U+0157 (decimal 343)
   defining Unicode char U+0158 (decimal 344)
   defining Unicode char U+0159 (decimal 345)
   defining Unicode char U+015A (decimal 346)
   defining Unicode char U+015B (decimal 347)
   defining Unicode char U+015C (decimal 348)
   defining Unicode char U+015D (decimal 349)
   defining Unicode char U+015E (decimal 350)
   defining Unicode char U+015F (decimal 351)
   defining Unicode char U+0160 (decimal 352)
   defining Unicode char U+0161 (decimal 353)
   defining Unicode char U+0162 (decimal 354)
   defining Unicode char U+0163 (decimal 355)
   defining Unicode char U+0164 (decimal 356)
   defining Unicode char U+0165 (decimal 357)
   defining Unicode char U+0168 (decimal 360)
   defining Unicode char U+0169 (decimal 361)
   defining Unicode char U+016A (decimal 362)
   defining Unicode char U+016B (decimal 363)
   defining Unicode char U+016C (decimal 364)
   defining Unicode char U+016D (decimal 365)
   defining Unicode char U+016E (decimal 366)
   defining Unicode char U+016F (decimal 367)
   defining Unicode char U+0170 (decimal 368)
   defining Unicode char U+0171 (decimal 369)
   defining Unicode char U+0172 (decimal 370)
   defining Unicode char U+0173 (decimal 371)
   defining Unicode char U+0174 (decimal 372)
   defining Unicode char U+0175 (decimal 373)
   defining Unicode char U+0176 (decimal 374)
   defining Unicode char U+0177 (decimal 375)
   defining Unicode char U+0178 (decimal 376)
   defining Unicode char U+0179 (decimal 377)
   defining Unicode char U+017A (decimal 378)
   defining Unicode char U+017B (decimal 379)
   defining Unicode char U+017C (decimal 380)
   defining Unicode char U+017D (decimal 381)
   defining Unicode char U+017E (decimal 382)
   defining Unicode char U+01CD (decimal 461)
   defining Unicode char U+01CE (decimal 462)
   defining Unicode char U+01CF (decimal 463)
   defining Unicode char U+01D0 (decimal 464)
   defining Unicode char U+01D1 (decimal 465)
   defining Unicode char U+01D2 (decimal 466)
   defining Unicode char U+01D3 (decimal 467)
   defining Unicode char U+01D4 (decimal 468)
   defining Unicode char U+01E2 (decimal 482)
   defining Unicode char U+01E3 (decimal 483)
   defining Unicode char U+01E6 (decimal 486)
   defining Unicode char U+01E7 (decimal 487)
   defining Unicode char U+01E8 (decimal 488)
   defining Unicode char U+01E9 (decimal 489)
   defining Unicode char U+01EA (decimal 490)
   defining Unicode char U+01EB (decimal 491)
   defining Unicode char U+01F0 (decimal 496)
   defining Unicode char U+01F4 (decimal 500)
   defining Unicode char U+01F5 (decimal 501)
   defining Unicode char U+0218 (decimal 536)
   defining Unicode char U+0219 (decimal 537)
   defining Unicode char U+021A (decimal 538)
   defining Unicode char U+021B (decimal 539)
   defining Unicode char U+0232 (decimal 562)
   defining Unicode char U+0233 (decimal 563)
   defining Unicode char U+1E02 (decimal 7682)
   defining Unicode char U+1E03 (decimal 7683)
   defining Unicode char U+200C (decimal 8204)
   defining Unicode char U+2010 (decimal 8208)
   defining Unicode char U+2011 (decimal 8209)
   defining Unicode char U+2012 (decimal 8210)
   defining Unicode char U+2013 (decimal 8211)
   defining Unicode char U+2014 (decimal 8212)
   defining Unicode char U+2015 (decimal 8213)
   defining Unicode char U+2018 (decimal 8216)
   defining Unicode char U+2019 (decimal 8217)
   defining Unicode char U+201A (decimal 8218)
   defining Unicode char U+201C (decimal 8220)
   defining Unicode char U+201D (decimal 8221)
   defining Unicode char U+201E (decimal 8222)
   defining Unicode char U+2030 (decimal 8240)
   defining Unicode char U+2031 (decimal 8241)
   defining Unicode char U+2039 (decimal 8249)
   defining Unicode char U+203A (decimal 8250)
   defining Unicode char U+2423 (decimal 9251)
   defining Unicode char U+1E20 (decimal 7712)
   defining Unicode char U+1E21 (decimal 7713)
)
Now handling font encoding OT1 ...
... processing UTF-8 mapping file for font encoding OT1
(/usr/share/texlive/texmf-dist/tex/latex/base/ot1enc.dfu
File: ot1enc.dfu 2017/01/28 v1.1t UTF-8 support for inputenc
   defining Unicode char U+00A0 (decimal 160)
   defining Unicode char U+00A1 (decimal 161)
   defining Unicode char U+00A3 (decimal 163)
   defining Unicode char U+00AD (decimal 173)
   defining Unicode char U+00B8 (decimal 184)
   defining Unicode char U+00BF (decimal 191)
   defining Unicode char U+00C5 (decimal 197)
   defining Unicode char U+00C6 (decimal 198)
   defining Unicode char U+00D8 (decimal 216)
   defining Unicode char U+00DF (decimal 223)
   defining Unicode char U+00E6 (decimal 230)
   defining Unicode char U+00EC (decimal 236)
   defining Unicode char U+00ED (decimal 237)
   defining Unicode char U+00EE (decimal 238)
   defining Unicode char U+00EF (decimal 239)
   defining Unicode char U+00F8 (decimal 248)
   defining Unicode char U+0131 (decimal 305)
   defining Unicode char U+0141 (decimal 321)
   defining Unicode char U+0142 (decimal 322)
   defining Unicode char U+0152 (decimal 338)
   defining Unicode char U+0153 (decimal 339)
   defining Unicode char U+0174 (decimal 372)
   defining Unicode char U+0175 (decimal 373)
   defining Unicode char U+0176 (decimal 374)
   defining Unicode char U+0177 (decimal 375)
   defining Unicode char U+0218 (decimal 536)
   defining Unicode char U+0219 (decimal 537)
   defining Unicode char U+021A (decimal 538)
   defining Unicode char U+021B (decimal 539)
   defining Unicode char U+2013 (decimal 8211)
   defining Unicode char U+2014 (decimal 8212)
   defining Unicode char U+2018 (decimal 8216)
   defining Unicode char U+2019 (decimal 8217)
   defining Unicode char U+201C (decimal 8220)
   defining Unicode char U+201D (decimal 8221)
)
Now handling font encoding OMS ...
... processing UTF-8 mapping file for font encoding OMS
(/usr/share/texlive/texmf-dist/tex/latex/base/omsenc.dfu
File: omsenc.dfu 2017/01/28 v1.1t UTF-8 support for inputenc
   defining Unicode char U+00A7 (decimal 167)
   defining Unicode char U+00B6 (decimal 182)
   defining Unicode char U+00B7 (decimal 183)
   defining Unicode char U+2020 (decimal 8224)
   defining Unicode char U+2021 (decimal 8225)
   defining Unicode char U+2022 (decimal 8226)
)
Now handling font encoding OMX ...
... no UTF-8 mapping file for font encoding OMX
Now handling font encoding U ...
... no UTF-8 mapping file for font encoding U
Now handling font encoding PD1 ...
... no UTF-8 mapping file for font encoding PD1
   defining Unicode char U+00A9 (decimal 169)
   defining Unicode char U+00AA (decimal 170)
   defining Unicode char U+00AE (decimal 174)
   defining Unicode char U+00BA (decimal 186)
   defining Unicode char U+02C6 (decimal 710)
   defining Unicode char U+02DC (decimal 732)
   defining Unicode char U+200C (decimal 8204)
   defining Unicode char U+2026 (decimal 8230)
   defining Unicode char U+2122 (decimal 8482)
   defining Unicode char U+2423 (decimal 9251)
)) (/usr/share/texlive/texmf-dist/tex/latex/amsmath/amsmath.sty
Package: amsmath 2016/11/05 v2.16a AMS math features
\@mathmargin=\skip62
For additional information on amsmath, use the `?' option.
(/usr/share/texlive/texmf-dist/tex/latex/amsmath/amstext.sty
Package: amstext 2000/06/29 v2.01 AMS text
(/usr/share/texlive/texmf-dist/tex/latex/amsmath/amsgen.sty
File: amsgen.sty 1999/11/30 v2.0 generic functions
\@emptytoks=\toks23
\ex@=\dimen131
)) (/usr/share/texlive/texmf-dist/tex/latex/amsmath/amsbsy.sty
Package: amsbsy 1999/11/29 v1.2d Bold Symbols
\pmbraise@=\dimen132
) (/usr/share/texlive/texmf-dist/tex/latex/amsmath/amsopn.sty
Package: amsopn 2016/03/08 v2.02 operator names
)
\inf@bad=\count108
LaTeX Info: Redefining \frac on input line 213.
\uproot@=\count109
\leftroot@=\count110
LaTeX Info: Redefining \overline on input line 375.
\classnum@=\count111
\DOTSCASE@=\count112
LaTeX Info: Redefining \ldots on input line 472.
LaTeX Info: Redefining \dots on input line 475.
LaTeX Info: Redefining \cdots on input line 596.
\Mathstrutbox@=\box29
\strutbox@=\box30
\big@size=\dimen133
LaTeX Font Info:    Redeclaring font encoding OML on input line 712.
LaTeX Font Info:    Redeclaring font encoding OMS on input line 713.
\macc@depth=\count113
\c@MaxMatrixCols=\count114
\dotsspace@=\muskip11
\c@parentequation=\count115
\dspbrk@lvl=\count116
\tag@help=\toks24
\row@=\count117
\column@=\count118
\maxfields@=\count119
\andhelp@=\toks25
\eqnshift@=\dimen134
\alignsep@=\dimen135
\tagshift@=\dimen136
\tagwidth@=\dimen137
\totwidth@=\dimen138
\lineht@=\dimen139
\@envbody=\toks26
\multlinegap=\skip63
\multlinetaggap=\skip64
\mathdisplay@stack=\toks27
LaTeX Info: Redefining \[ on input line 2817.
LaTeX Info: Redefining \] on input line 2818.
) (/usr/share/texlive/texmf-dist/tex/latex/amsfonts/amssymb.sty
Package: amssymb 2013/01/14 v3.01 AMS font symbols
(/usr/share/texlive/texmf-dist/tex/latex/amsfonts/amsfonts.sty
Package: amsfonts 2013/01/14 v3.01 Basic AMSFonts support
\symAMSa=\mathgroup4
\symAMSb=\mathgroup5
LaTeX Font Info:    Overwriting math alphabet `\mathfrak' in version `bold'
(Font)                  U/euf/m/n --> U/euf/b/n on input line 106.
)) (/usr/share/texlive/texmf-dist/tex/latex/jknapltx/mathrsfs.sty
Package: mathrsfs 1996/01/01 Math RSFS package v1.0 (jk)
\symrsfs=\mathgroup6
) (/usr/share/texlive/texmf-dist/tex/latex/amscls/amsthm.sty
Package: amsthm 2015/03/04 v2.20.2
\thm@style=\toks28
\thm@bodyfont=\toks29
\thm@headfont=\toks30
\thm@notefont=\toks31
\thm@headpunct=\toks32
\thm@preskip=\skip65
\thm@postskip=\skip66
\thm@headsep=\skip67
\dth@everypar=\toks33
) (/usr/share/texmf/tex/latex/lm/lmodern.sty
Package: lmodern 2009/10/30 v1.6 Latin Modern Fonts
LaTeX Font Info:    Overwriting symbol font `operators' in version `normal'
(Font)                  OT1/cmr/m/n --> OT1/lmr/m/n on input line 22.
LaTeX Font Info:    Overwriting symbol font `letters' in version `normal'
(Font)                  OML/cmm/m/it --> OML/lmm/m/it on input line 23.
LaTeX Font Info:    Overwriting symbol font `symbols' in version `normal'
(Font)                  OMS/cmsy/m/n --> OMS/lmsy/m/n on input line 24.
LaTeX Font Info:    Overwriting symbol font `largesymbols' in version `normal'
(Font)                  OMX/cmex/m/n --> OMX/lmex/m/n on input line 25.
LaTeX Font Info:    Overwriting symbol font `operators' in version `bold'
(Font)                  OT1/cmr/bx/n --> OT1/lmr/bx/n on input line 26.
LaTeX Font Info:    Overwriting symbol font `letters' in version `bold'
(Font)                  OML/cmm/b/it --> OML/lmm/b/it on input line 27.
LaTeX Font Info:    Overwriting symbol font `symbols' in version `bold'
(Font)                  OMS/cmsy/b/n --> OMS/lmsy/b/n on input line 28.
LaTeX Font Info:    Overwriting symbol font `largesymbols' in version `bold'
(Font)                  OMX/cmex/m/n --> OMX/lmex/m/n on input line 29.
LaTeX Font Info:    Overwriting math alphabet `\mathbf' in version `normal'
(Font)                  OT1/cmr/bx/n --> OT1/lmr/bx/n on input line 31.
LaTeX Font Info:    Overwriting math alphabet `\mathsf' in version `normal'
(Font)                  OT1/cmss/m/n --> OT1/lmss/m/n on input line 32.
LaTeX Font Info:    Overwriting math alphabet `\mathit' in version `normal'
(Font)                  OT1/cmr/m/it --> OT1/lmr/m/it on input line 33.
LaTeX Font Info:    Overwriting math alphabet `\mathtt' in version `normal'
(Font)                  OT1/cmtt/m/n --> OT1/lmtt/m/n on input line 34.
LaTeX Font Info:    Overwriting math alphabet `\mathbf' in version `bold'
(Font)                  OT1/cmr/bx/n --> OT1/lmr/bx/n on input line 35.
LaTeX Font Info:    Overwriting math alphabet `\mathsf' in version `bold'
(Font)                  OT1/cmss/bx/n --> OT1/lmss/bx/n on input line 36.
LaTeX Font Info:    Overwriting math alphabet `\mathit' in version `bold'
(Font)                  OT1/cmr/bx/it --> OT1/lmr/bx/it on input line 37.
LaTeX Font Info:    Overwriting math alphabet `\mathtt' in version `bold'
(Font)                  OT1/cmtt/m/n --> OT1/lmtt/m/n on input line 38.
) (/usr/share/texlive/texmf-dist/tex/latex/subfigure/subfigure.sty
Package: subfigure 2002/03/15 v2.1.5 subfigure package
\subfigtopskip=\skip68
\subfigcapskip=\skip69
\subfigcaptopadj=\dimen140
\subfigbottomskip=\skip70
\subfigcapmargin=\dimen141
\subfiglabelskip=\skip71
\c@subfigure=\count120
\c@lofdepth=\count121
\c@subtable=\count122
\c@lotdepth=\count123
****************************************
* Local config file subfigure.cfg used *
****************************************
(/usr/share/texlive/texmf-dist/tex/latex/subfigure/subfigure.cfg)
\subfig@top=\skip72
\subfig@bottom=\skip73
) (/usr/share/texlive/texmf-dist/tex/latex/float/float.sty
Package: float 2001/11/08 v1.3d Float enhancements (AL)
\c@float@type=\count124
\float@exts=\toks34
\float@box=\box31
\@float@everytoks=\toks35
\@floatcapt=\box32
) (/usr/share/texlive/texmf-dist/tex/latex/graphics/epsfig.sty
Package: epsfig 2017/06/25 v1.7b (e)psfig emulation (SPQR)
\epsfxsize=\dimen142
\epsfysize=\dimen143
) (/usr/share/texlive/texmf-dist/tex/latex/oberdiek/epstopdf.sty
Package: epstopdf 2016/05/15 v2.6 Conversion with epstopdf on the fly (HO)
(/usr/share/texlive/texmf-dist/tex/latex/oberdiek/epstopdf-base.sty
Package: epstopdf-base 2016/05/15 v2.6 Base part for package epstopdf
(/usr/share/texlive/texmf-dist/tex/latex/oberdiek/grfext.sty
Package: grfext 2016/05/16 v1.2 Manage graphics extensions (HO)
)
Package epstopdf-base Info: Redefining graphics rule for `.eps' on input line 4
38.
Package grfext Info: Graphics extension search list:
(grfext)             [.pdf,.png,.jpg,.mps,.jpeg,.jbig2,.jb2,.PDF,.PNG,.JPG,.JPE
G,.JBIG2,.JB2,.eps]
(grfext)             \AppendGraphicsExtensions on input line 456.
(/usr/share/texlive/texmf-dist/tex/latex/latexconfig/epstopdf-sys.cfg
File: epstopdf-sys.cfg 2010/07/13 v1.3 Configuration of (r)epstopdf for TeX Liv
e
))) (/usr/share/texlive/texmf-dist/tex/latex/placeins/placeins.sty
Package: placeins 2005/04/18  v 2.2
) (/usr/share/texlive/texmf-dist/tex/latex/acronym/acronym.sty
Package: acronym 2015/03/21 v1.41 Support for acronyms (Tobias Oetiker)
(/usr/share/texlive/texmf-dist/tex/latex/bigfoot/suffix.sty
Package: suffix 2006/07/15 1.5a Variant command support
) (/usr/share/texlive/texmf-dist/tex/generic/xstring/xstring.sty (/usr/share/te
xlive/texmf-dist/tex/generic/xstring/xstring.tex
\@xs@message=\write3
\integerpart=\count125
\decimalpart=\count126
)
Package: xstring 2013/10/13  v1.7c  String manipulations (C Tellechea)
)
\AC@clearlist=\toks36
) (/usr/share/texlive/texmf-dist/tex/latex/multirow/multirow.sty
Package: multirow 2016/11/25 v2.2 Span multiple rows of a table
\multirow@colwidth=\skip74
\multirow@cntb=\count127
\multirow@dima=\skip75
\bigstrutjot=\dimen144
) (/usr/share/texlive/texmf-dist/tex/latex/tools/multicol.sty
Package: multicol 2017/04/11 v1.8q multicolumn formatting (FMi)
\c@tracingmulticols=\count128
\mult@box=\box33
\multicol@leftmargin=\dimen145
\c@unbalance=\count129
\c@collectmore=\count130
\doublecol@number=\count131
\multicoltolerance=\count132
\multicolpretolerance=\count133
\full@width=\dimen146
\page@free=\dimen147
\premulticols=\dimen148
\postmulticols=\dimen149
\multicolsep=\skip76
\multicolbaselineskip=\skip77
\partial@page=\box34
\last@line=\box35
\maxbalancingoverflow=\dimen150
\mult@rightbox=\box36
\mult@grightbox=\box37
\mult@gfirstbox=\box38
\mult@firstbox=\box39
\@tempa=\box40
\@tempa=\box41
\@tempa=\box42
\@tempa=\box43
\@tempa=\box44
\@tempa=\box45
\@tempa=\box46
\@tempa=\box47
\@tempa=\box48
\@tempa=\box49
\@tempa=\box50
\@tempa=\box51
\@tempa=\box52
\@tempa=\box53
\@tempa=\box54
\@tempa=\box55
\@tempa=\box56
\c@columnbadness=\count134
\c@finalcolumnbadness=\count135
\last@try=\dimen151
\multicolovershoot=\dimen152
\multicolundershoot=\dimen153
\mult@nat@firstbox=\box57
\colbreak@box=\box58
\mc@col@check@num=\count136
) (/usr/share/texlive/texmf-dist/tex/latex/tools/hhline.sty
Package: hhline 2014/10/28 v2.03 Table rule package (DPC)
) (/usr/share/texlive/texmf-dist/tex/latex/esvect/esvect.sty
Package: esvect 
\symesvector=\mathgroup7
) (/usr/share/texlive/texmf-dist/tex/latex/xcolor/xcolor.sty
Package: xcolor 2016/05/11 v2.12 LaTeX color extensions (UK)
(/usr/share/texlive/texmf-dist/tex/latex/graphics-cfg/color.cfg
File: color.cfg 2016/01/02 v1.6 sample color configuration
)
Package xcolor Info: Driver file: pdftex.def on input line 225.
(/usr/share/texlive/texmf-dist/tex/latex/colortbl/colortbl.sty
Package: colortbl 2012/02/13 v1.0a Color table columns (DPC)
\everycr=\toks37
\minrowclearance=\skip78
)
\rownum=\count137
Package xcolor Info: Model `cmy' substituted by `cmy0' on input line 1348.
Package xcolor Info: Model `hsb' substituted by `rgb' on input line 1352.
Package xcolor Info: Model `RGB' extended on input line 1364.
Package xcolor Info: Model `HTML' substituted by `rgb' on input line 1366.
Package xcolor Info: Model `Hsb' substituted by `hsb' on input line 1367.
Package xcolor Info: Model `tHsb' substituted by `hsb' on input line 1368.
Package xcolor Info: Model `HSB' substituted by `hsb' on input line 1369.
Package xcolor Info: Model `Gray' substituted by `gray' on input line 1370.
Package xcolor Info: Model `wave' substituted by `hsb' on input line 1371.
(/usr/share/texlive/texmf-dist/tex/latex/xcolor/x11nam.def
File: x11nam.def 2016/05/11 v2.12 Predefined colors according to Unix/X11 (UK)
)) (/usr/share/texlive/texmf-dist/tex/latex/booktabs/booktabs.sty
Package: booktabs 2016/04/27 v1.618033 publication quality tables
\heavyrulewidth=\dimen154
\lightrulewidth=\dimen155
\cmidrulewidth=\dimen156
\belowrulesep=\dimen157
\belowbottomsep=\dimen158
\aboverulesep=\dimen159
\abovetopsep=\dimen160
\cmidrulesep=\dimen161
\cmidrulekern=\dimen162
\defaultaddspace=\dimen163
\@cmidla=\count138
\@cmidlb=\count139
\@aboverulesep=\dimen164
\@belowrulesep=\dimen165
\@thisruleclass=\count140
\@lastruleclass=\count141
\@thisrulewidth=\dimen166
) (/usr/share/texlive/texmf-dist/tex/latex/shipunov/boldline.sty
Package: boldline 2008/02/04 v0.2 Adjust line width in tables
) (/usr/share/texlive/texmf-dist/tex/latex/caption/caption.sty
Package: caption 2016/02/21 v3.3-144 Customizing captions (AR)
(/usr/share/texlive/texmf-dist/tex/latex/caption/caption3.sty
Package: caption3 2016/05/22 v1.7-166 caption3 kernel (AR)
Package caption3 Info: TeX engine: e-TeX on input line 67.
\captionmargin=\dimen167
\captionmargin@=\dimen168
\captionwidth=\dimen169
\caption@tempdima=\dimen170
\caption@indent=\dimen171
\caption@parindent=\dimen172
\caption@hangindent=\dimen173
)
\c@ContinuedFloat=\count142
Package caption Info: float package is loaded.
Package caption Info: hyperref package is loaded.
Package caption Info: subfigure package is loaded.
) (/usr/share/texlive/texmf-dist/tex/latex/algorithms/algorithm.sty
Package: algorithm 2009/08/24 v0.1 Document Style `algorithm' - floating enviro
nment
\@float@every@algorithm=\toks38
\c@algorithm=\count143
) (/usr/share/texlive/texmf-dist/tex/latex/algorithmicx/algpseudocode.sty
Package: algpseudocode 
(/usr/share/texlive/texmf-dist/tex/latex/algorithmicx/algorithmicx.sty
Package: algorithmicx 2005/04/27 v1.2 Algorithmicx
Document Style algorithmicx 1.2 - a greatly improved `algorithmic' style
\c@ALG@line=\count144
\c@ALG@rem=\count145
\c@ALG@nested=\count146
\ALG@tlm=\skip79
\ALG@thistlm=\skip80
\c@ALG@Lnr=\count147
\c@ALG@blocknr=\count148
\c@ALG@storecount=\count149
\c@ALG@tmpcounter=\count150
\ALG@tmplength=\skip81
)
Document Style - pseudocode environments for use with the `algorithmicx' style
) (/usr/share/texlive/texmf-dist/tex/latex/tools/longtable.sty
Package: longtable 2014/10/28 v4.11 Multi-page Table package (DPC)
\LTleft=\skip82
\LTright=\skip83
\LTpre=\skip84
\LTpost=\skip85
\LTchunksize=\count151
\LTcapwidth=\dimen174
\LT@head=\box59
\LT@firsthead=\box60
\LT@foot=\box61
\LT@lastfoot=\box62
\LT@cols=\count152
\LT@rows=\count153
\c@LT@tables=\count154
\c@LT@chunks=\count155
\LT@p@ftn=\toks39
) (/usr/share/texlive/texmf-dist/tex/latex/pgf/frontendlayer/tikz.sty (/usr/sha
re/texlive/texmf-dist/tex/latex/pgf/basiclayer/pgf.sty (/usr/share/texlive/texm
f-dist/tex/latex/pgf/utilities/pgfrcs.sty (/usr/share/texlive/texmf-dist/tex/ge
neric/pgf/utilities/pgfutil-common.tex
\pgfutil@everybye=\toks40
\pgfutil@tempdima=\dimen175
\pgfutil@tempdimb=\dimen176

(/usr/share/texlive/texmf-dist/tex/generic/pgf/utilities/pgfutil-common-lists.t
ex)) (/usr/share/texlive/texmf-dist/tex/generic/pgf/utilities/pgfutil-latex.def
\pgfutil@abb=\box63
(/usr/share/texlive/texmf-dist/tex/latex/ms/everyshi.sty
Package: everyshi 2001/05/15 v3.00 EveryShipout Package (MS)
)) (/usr/share/texlive/texmf-dist/tex/generic/pgf/utilities/pgfrcs.code.tex
Package: pgfrcs 2015/08/07 v3.0.1a (rcs-revision 1.31)
))
Package: pgf 2015/08/07 v3.0.1a (rcs-revision 1.15)
(/usr/share/texlive/texmf-dist/tex/latex/pgf/basiclayer/pgfcore.sty (/usr/share
/texlive/texmf-dist/tex/latex/pgf/systemlayer/pgfsys.sty (/usr/share/texlive/te
xmf-dist/tex/generic/pgf/systemlayer/pgfsys.code.tex
Package: pgfsys 2014/07/09 v3.0.1a (rcs-revision 1.48)
(/usr/share/texlive/texmf-dist/tex/generic/pgf/utilities/pgfkeys.code.tex
\pgfkeys@pathtoks=\toks41
\pgfkeys@temptoks=\toks42

(/usr/share/texlive/texmf-dist/tex/generic/pgf/utilities/pgfkeysfiltered.code.t
ex
\pgfkeys@tmptoks=\toks43
))
\pgf@x=\dimen177
\pgf@y=\dimen178
\pgf@xa=\dimen179
\pgf@ya=\dimen180
\pgf@xb=\dimen181
\pgf@yb=\dimen182
\pgf@xc=\dimen183
\pgf@yc=\dimen184
\w@pgf@writea=\write4
\r@pgf@reada=\read1
\c@pgf@counta=\count156
\c@pgf@countb=\count157
\c@pgf@countc=\count158
\c@pgf@countd=\count159
\t@pgf@toka=\toks44
\t@pgf@tokb=\toks45
\t@pgf@tokc=\toks46
(/usr/share/texlive/texmf-dist/tex/generic/pgf/systemlayer/pgf.cfg
File: pgf.cfg 2008/05/14  (rcs-revision 1.7)
)
Driver file for pgf: pgfsys-pdftex.def
(/usr/share/texlive/texmf-dist/tex/generic/pgf/systemlayer/pgfsys-pdftex.def
File: pgfsys-pdftex.def 2014/10/11  (rcs-revision 1.35)

(/usr/share/texlive/texmf-dist/tex/generic/pgf/systemlayer/pgfsys-common-pdf.de
f
File: pgfsys-common-pdf.def 2013/10/10  (rcs-revision 1.13)
)))
(/usr/share/texlive/texmf-dist/tex/generic/pgf/systemlayer/pgfsyssoftpath.code.
tex
File: pgfsyssoftpath.code.tex 2013/09/09  (rcs-revision 1.9)
\pgfsyssoftpath@smallbuffer@items=\count160
\pgfsyssoftpath@bigbuffer@items=\count161
)
(/usr/share/texlive/texmf-dist/tex/generic/pgf/systemlayer/pgfsysprotocol.code.
tex
File: pgfsysprotocol.code.tex 2006/10/16  (rcs-revision 1.4)
)) (/usr/share/texlive/texmf-dist/tex/generic/pgf/basiclayer/pgfcore.code.tex
Package: pgfcore 2010/04/11 v3.0.1a (rcs-revision 1.7)
(/usr/share/texlive/texmf-dist/tex/generic/pgf/math/pgfmath.code.tex (/usr/shar
e/texlive/texmf-dist/tex/generic/pgf/math/pgfmathcalc.code.tex (/usr/share/texl
ive/texmf-dist/tex/generic/pgf/math/pgfmathutil.code.tex) (/usr/share/texlive/t
exmf-dist/tex/generic/pgf/math/pgfmathparser.code.tex
\pgfmath@dimen=\dimen185
\pgfmath@count=\count162
\pgfmath@box=\box64
\pgfmath@toks=\toks47
\pgfmath@stack@operand=\toks48
\pgfmath@stack@operation=\toks49
) (/usr/share/texlive/texmf-dist/tex/generic/pgf/math/pgfmathfunctions.code.tex

(/usr/share/texlive/texmf-dist/tex/generic/pgf/math/pgfmathfunctions.basic.code
.tex)
(/usr/share/texlive/texmf-dist/tex/generic/pgf/math/pgfmathfunctions.trigonomet
ric.code.tex)
(/usr/share/texlive/texmf-dist/tex/generic/pgf/math/pgfmathfunctions.random.cod
e.tex)
(/usr/share/texlive/texmf-dist/tex/generic/pgf/math/pgfmathfunctions.comparison
.code.tex)
(/usr/share/texlive/texmf-dist/tex/generic/pgf/math/pgfmathfunctions.base.code.
tex)
(/usr/share/texlive/texmf-dist/tex/generic/pgf/math/pgfmathfunctions.round.code
.tex)
(/usr/share/texlive/texmf-dist/tex/generic/pgf/math/pgfmathfunctions.misc.code.
tex)
(/usr/share/texlive/texmf-dist/tex/generic/pgf/math/pgfmathfunctions.integerari
thmetics.code.tex))) (/usr/share/texlive/texmf-dist/tex/generic/pgf/math/pgfmat
hfloat.code.tex
\c@pgfmathroundto@lastzeros=\count163
))
(/usr/share/texlive/texmf-dist/tex/generic/pgf/basiclayer/pgfcorepoints.code.te
x
File: pgfcorepoints.code.tex 2013/10/07  (rcs-revision 1.27)
\pgf@picminx=\dimen186
\pgf@picmaxx=\dimen187
\pgf@picminy=\dimen188
\pgf@picmaxy=\dimen189
\pgf@pathminx=\dimen190
\pgf@pathmaxx=\dimen191
\pgf@pathminy=\dimen192
\pgf@pathmaxy=\dimen193
\pgf@xx=\dimen194
\pgf@xy=\dimen195
\pgf@yx=\dimen196
\pgf@yy=\dimen197
\pgf@zx=\dimen198
\pgf@zy=\dimen199
)
(/usr/share/texlive/texmf-dist/tex/generic/pgf/basiclayer/pgfcorepathconstruct.
code.tex
File: pgfcorepathconstruct.code.tex 2013/10/07  (rcs-revision 1.29)
\pgf@path@lastx=\dimen256
\pgf@path@lasty=\dimen257
)
(/usr/share/texlive/texmf-dist/tex/generic/pgf/basiclayer/pgfcorepathusage.code
.tex
File: pgfcorepathusage.code.tex 2014/11/02  (rcs-revision 1.24)
\pgf@shorten@end@additional=\dimen258
\pgf@shorten@start@additional=\dimen259
)
(/usr/share/texlive/texmf-dist/tex/generic/pgf/basiclayer/pgfcorescopes.code.te
x
File: pgfcorescopes.code.tex 2015/05/08  (rcs-revision 1.46)
\pgfpic=\box65
\pgf@hbox=\box66
\pgf@layerbox@main=\box67
\pgf@picture@serial@count=\count164
)
(/usr/share/texlive/texmf-dist/tex/generic/pgf/basiclayer/pgfcoregraphicstate.c
ode.tex
File: pgfcoregraphicstate.code.tex 2014/11/02  (rcs-revision 1.12)
\pgflinewidth=\dimen260
)
(/usr/share/texlive/texmf-dist/tex/generic/pgf/basiclayer/pgfcoretransformation
s.code.tex
File: pgfcoretransformations.code.tex 2015/08/07  (rcs-revision 1.20)
\pgf@pt@x=\dimen261
\pgf@pt@y=\dimen262
\pgf@pt@temp=\dimen263
)
(/usr/share/texlive/texmf-dist/tex/generic/pgf/basiclayer/pgfcorequick.code.tex
File: pgfcorequick.code.tex 2008/10/09  (rcs-revision 1.3)
)
(/usr/share/texlive/texmf-dist/tex/generic/pgf/basiclayer/pgfcoreobjects.code.t
ex
File: pgfcoreobjects.code.tex 2006/10/11  (rcs-revision 1.2)
)
(/usr/share/texlive/texmf-dist/tex/generic/pgf/basiclayer/pgfcorepathprocessing
.code.tex
File: pgfcorepathprocessing.code.tex 2013/09/09  (rcs-revision 1.9)
)
(/usr/share/texlive/texmf-dist/tex/generic/pgf/basiclayer/pgfcorearrows.code.te
x
File: pgfcorearrows.code.tex 2015/05/14  (rcs-revision 1.43)
\pgfarrowsep=\dimen264
)
(/usr/share/texlive/texmf-dist/tex/generic/pgf/basiclayer/pgfcoreshade.code.tex
File: pgfcoreshade.code.tex 2013/07/15  (rcs-revision 1.15)
\pgf@max=\dimen265
\pgf@sys@shading@range@num=\count165
)
(/usr/share/texlive/texmf-dist/tex/generic/pgf/basiclayer/pgfcoreimage.code.tex
File: pgfcoreimage.code.tex 2013/07/15  (rcs-revision 1.18)

(/usr/share/texlive/texmf-dist/tex/generic/pgf/basiclayer/pgfcoreexternal.code.
tex
File: pgfcoreexternal.code.tex 2014/07/09  (rcs-revision 1.21)
\pgfexternal@startupbox=\box68
))
(/usr/share/texlive/texmf-dist/tex/generic/pgf/basiclayer/pgfcorelayers.code.te
x
File: pgfcorelayers.code.tex 2013/07/18  (rcs-revision 1.7)
)
(/usr/share/texlive/texmf-dist/tex/generic/pgf/basiclayer/pgfcoretransparency.c
ode.tex
File: pgfcoretransparency.code.tex 2013/09/30  (rcs-revision 1.5)
)
(/usr/share/texlive/texmf-dist/tex/generic/pgf/basiclayer/pgfcorepatterns.code.
tex
File: pgfcorepatterns.code.tex 2013/11/07  (rcs-revision 1.5)
)))
(/usr/share/texlive/texmf-dist/tex/generic/pgf/modules/pgfmoduleshapes.code.tex
File: pgfmoduleshapes.code.tex 2014/03/21  (rcs-revision 1.35)
\pgfnodeparttextbox=\box69
) (/usr/share/texlive/texmf-dist/tex/generic/pgf/modules/pgfmoduleplot.code.tex
File: pgfmoduleplot.code.tex 2015/08/03  (rcs-revision 1.13)
)
(/usr/share/texlive/texmf-dist/tex/latex/pgf/compatibility/pgfcomp-version-0-65
.sty
Package: pgfcomp-version-0-65 2007/07/03 v3.0.1a (rcs-revision 1.7)
\pgf@nodesepstart=\dimen266
\pgf@nodesepend=\dimen267
)
(/usr/share/texlive/texmf-dist/tex/latex/pgf/compatibility/pgfcomp-version-1-18
.sty
Package: pgfcomp-version-1-18 2007/07/23 v3.0.1a (rcs-revision 1.1)
)) (/usr/share/texlive/texmf-dist/tex/latex/pgf/utilities/pgffor.sty (/usr/shar
e/texlive/texmf-dist/tex/latex/pgf/utilities/pgfkeys.sty (/usr/share/texlive/te
xmf-dist/tex/generic/pgf/utilities/pgfkeys.code.tex)) (/usr/share/texlive/texmf
-dist/tex/latex/pgf/math/pgfmath.sty (/usr/share/texlive/texmf-dist/tex/generic
/pgf/math/pgfmath.code.tex)) (/usr/share/texlive/texmf-dist/tex/generic/pgf/uti
lities/pgffor.code.tex
Package: pgffor 2013/12/13 v3.0.1a (rcs-revision 1.25)
(/usr/share/texlive/texmf-dist/tex/generic/pgf/math/pgfmath.code.tex)
\pgffor@iter=\dimen268
\pgffor@skip=\dimen269
\pgffor@stack=\toks50
\pgffor@toks=\toks51
))
(/usr/share/texlive/texmf-dist/tex/generic/pgf/frontendlayer/tikz/tikz.code.tex
Package: tikz 2015/08/07 v3.0.1a (rcs-revision 1.151)

(/usr/share/texlive/texmf-dist/tex/generic/pgf/libraries/pgflibraryplothandlers
.code.tex
File: pgflibraryplothandlers.code.tex 2013/08/31 v3.0.1a (rcs-revision 1.20)
\pgf@plot@mark@count=\count166
\pgfplotmarksize=\dimen270
)
\tikz@lastx=\dimen271
\tikz@lasty=\dimen272
\tikz@lastxsaved=\dimen273
\tikz@lastysaved=\dimen274
\tikzleveldistance=\dimen275
\tikzsiblingdistance=\dimen276
\tikz@figbox=\box70
\tikz@figbox@bg=\box71
\tikz@tempbox=\box72
\tikz@tempbox@bg=\box73
\tikztreelevel=\count167
\tikznumberofchildren=\count168
\tikznumberofcurrentchild=\count169
\tikz@fig@count=\count170

(/usr/share/texlive/texmf-dist/tex/generic/pgf/modules/pgfmodulematrix.code.tex
File: pgfmodulematrix.code.tex 2013/09/17  (rcs-revision 1.8)
\pgfmatrixcurrentrow=\count171
\pgfmatrixcurrentcolumn=\count172
\pgf@matrix@numberofcolumns=\count173
)
\tikz@expandcount=\count174

(/usr/share/texlive/texmf-dist/tex/generic/pgf/frontendlayer/tikz/libraries/tik
zlibrarytopaths.code.tex
File: tikzlibrarytopaths.code.tex 2008/06/17 v3.0.1a (rcs-revision 1.2)
))) (/usr/share/texlive/texmf-dist/tex/latex/adjustbox/adjustbox.sty
Package: adjustbox 2012/05/21 v1.0 Adjusting TeX boxes (trim, clip, ...)
(/usr/share/texlive/texmf-dist/tex/latex/xkeyval/xkeyval.sty
Package: xkeyval 2014/12/03 v2.7a package option processing (HA)
(/usr/share/texlive/texmf-dist/tex/generic/xkeyval/xkeyval.tex (/usr/share/texl
ive/texmf-dist/tex/generic/xkeyval/xkvutils.tex
\XKV@toks=\toks52
\XKV@tempa@toks=\toks53
)
\XKV@depth=\count175
File: xkeyval.tex 2014/12/03 v2.7a key=value parser (HA)
)) (/usr/share/texlive/texmf-dist/tex/latex/adjustbox/adjcalc.sty
Package: adjcalc 2012/05/16 v1.1 Provides advanced setlength with multiple back
-ends (calc, etex, pgfmath)
) (/usr/share/texlive/texmf-dist/tex/latex/adjustbox/trimclip.sty
Package: trimclip 2012/05/16 v1.0 Trim and clip general TeX material
(/usr/share/texlive/texmf-dist/tex/latex/collectbox/collectbox.sty
Package: collectbox 2012/05/17 v0.4b Collect macro arguments as boxes
\collectedbox=\box74
)
\tc@llx=\dimen277
\tc@lly=\dimen278
\tc@urx=\dimen279
\tc@ury=\dimen280
Package trimclip Info: Using driver 'tc-pdftex.def'.
(/usr/share/texlive/texmf-dist/tex/latex/adjustbox/tc-pdftex.def
File: tc-pdftex.def 2012/05/13 v1.0 Clipping driver for pdftex
))
\adjbox@Width=\dimen281
\adjbox@Height=\dimen282
\adjbox@Depth=\dimen283
\adjbox@Totalheight=\dimen284
(/usr/share/texlive/texmf-dist/tex/latex/ifoddpage/ifoddpage.sty
Package: ifoddpage 2016/04/23 v1.1 Conditionals for odd/even page detection
\c@checkoddpage=\count176
) (/usr/share/texlive/texmf-dist/tex/latex/varwidth/varwidth.sty
Package: varwidth 2009/03/30 ver 0.92;  Variable-width minipages
\@vwid@box=\box75
\sift@deathcycles=\count177
\@vwid@loff=\dimen285
\@vwid@roff=\dimen286
))
(/usr/share/texlive/texmf-dist/tex/generic/pgf/frontendlayer/tikz/libraries/tik
zlibraryspy.code.tex
File: tikzlibraryspy.code.tex 2011/05/19 v3.0.1a (rcs-revision 1.4)
\tikz@lib@spybox=\box76
)
\@labfile=\write5
\openout5 = `thesis.abx'.

Writing index of abbreviations file thesis.abx
\@losfile=\write6
\openout6 = `thesis.syx'.

Writing index of symbols file thesis.syx
(/home/lg_more/github/maestria-tesis/libro/thesis.aux
LaTeX Info: Redefining \. on input line 25.
LaTeX Info: Redefining \% on input line 25.
(/home/lg_more/github/maestria-tesis/libro/dedicatoria.aux) (/home/lg_more/gith
ub/maestria-tesis/libro/agradecimientos.aux) (/home/lg_more/github/maestria-tes
is/libro/resumen.aux) (/home/lg_more/github/maestria-tesis/libro/abstract.aux
LaTeX Info: Redefining \. on input line 7.
LaTeX Info: Redefining \% on input line 7.
) (/home/lg_more/github/maestria-tesis/libro/symbols.aux) (/home/lg_more/github
/maestria-tesis/libro/abreviaturas.aux) (/home/lg_more/github/maestria-tesis/li
bro/chap01.aux) (/home/lg_more/github/maestria-tesis/libro/chap02.aux

LaTeX Warning: Label `fig:calhouse23129' multiply defined.


LaTeX Warning: Label `fig:calhouse231102' multiply defined.

) (/home/lg_more/github/maestria-tesis/libro/chap03.aux

LaTeX Warning: Label `sec:proposal' multiply defined.

) (/home/lg_more/github/maestria-tesis/libro/chap04.aux

LaTeX Warning: Label `fig:casa1original' multiply defined.


LaTeX Warning: Label `fig:casa1enhanced1' multiply defined.


LaTeX Warning: Label `fig:casa1' multiply defined.

) (/home/lg_more/github/maestria-tesis/libro/chap05.aux) (/home/lg_more/github/
maestria-tesis/libro/AnexoA.aux

LaTeX Warning: Label `fig:calhouse23129' multiply defined.


LaTeX Warning: Label `fig:calhouse231102' multiply defined.


LaTeX Warning: Label `fig:anexocalhouse230' multiply defined.


LaTeX Warning: Label `fig:calhouse23129' multiply defined.


LaTeX Warning: Label `fig:calhouse231102' multiply defined.


LaTeX Warning: Label `fig:calhouse233orig' multiply defined.

))
\openout1 = `thesis.aux'.

LaTeX Font Info:    Checking defaults for OML/cmm/m/it on input line 63.
LaTeX Font Info:    ... okay on input line 63.
LaTeX Font Info:    Checking defaults for T1/cmr/m/n on input line 63.
LaTeX Font Info:    ... okay on input line 63.
LaTeX Font Info:    Checking defaults for OT1/cmr/m/n on input line 63.
LaTeX Font Info:    ... okay on input line 63.
LaTeX Font Info:    Checking defaults for OMS/cmsy/m/n on input line 63.
LaTeX Font Info:    ... okay on input line 63.
LaTeX Font Info:    Checking defaults for OMX/cmex/m/n on input line 63.
LaTeX Font Info:    ... okay on input line 63.
LaTeX Font Info:    Checking defaults for U/cmr/m/n on input line 63.
LaTeX Font Info:    ... okay on input line 63.
LaTeX Font Info:    Checking defaults for PD1/pdf/m/n on input line 63.
LaTeX Font Info:    ... okay on input line 63.
LaTeX Font Info:    Try loading font information for OT1+lmr on input line 63.
(/usr/share/texmf/tex/latex/lm/ot1lmr.fd
File: ot1lmr.fd 2009/10/30 v1.6 Font defs for Latin Modern
)
Package lastpage Info: Please have a look at the pageslts package at
(lastpage)             https://www.ctan.org/pkg/pageslts
(lastpage)             ! on input line 63.
\AtBeginShipoutBox=\box77
Package hyperref Info: Link coloring OFF on input line 63.
(/usr/share/texlive/texmf-dist/tex/latex/hyperref/nameref.sty
Package: nameref 2016/05/21 v2.44 Cross-referencing by name of section
(/usr/share/texlive/texmf-dist/tex/generic/oberdiek/gettitlestring.sty
Package: gettitlestring 2016/05/16 v1.5 Cleanup title references (HO)
)
\c@section@level=\count178
)
LaTeX Info: Redefining \ref on input line 63.
LaTeX Info: Redefining \pageref on input line 63.
LaTeX Info: Redefining \nameref on input line 63.
(/home/lg_more/github/maestria-tesis/libro/thesis.out) (/home/lg_more/github/ma
estria-tesis/libro/thesis.out)
\@outlinefile=\write7
\openout7 = `thesis.out'.

(/usr/share/texlive/texmf-dist/tex/context/base/mkii/supp-pdf.mkii
[Loading MPS to PDF converter (version 2006.09.02).]
\scratchcounter=\count179
\scratchdimen=\dimen287
\scratchbox=\box78
\nofMPsegments=\count180
\nofMParguments=\count181
\everyMPshowfont=\toks54
\MPscratchCnt=\count182
\MPscratchDim=\dimen288
\MPnumerator=\count183
\makeMPintoPDFobject=\count184
\everyMPtoPDFconversion=\toks55
)
*geometry* detected driver: pdftex
*geometry* verbose mode - [ preamble ] result:
* driver: pdftex
* paper: a4paper
* layout: <same size as paper>
* layoutoffset:(h,v)=(0.0pt,0.0pt)
* vratio: 1:1
* modes: 
* h-part:(L,W,R)=(113.81102pt, 412.56497pt, 71.13188pt)
* v-part:(T,H,B)=(99.58464pt, 674.33032pt, 71.13188pt)
* \paperwidth=597.50787pt
* \paperheight=845.04684pt
* \textwidth=412.56497pt
* \textheight=674.33032pt
* \oddsidemargin=41.54103pt
* \evensidemargin=41.54103pt
* \topmargin=-4.55914pt
* \headheight=12.0pt
* \headsep=19.8738pt
* \topskip=12.0pt
* \footskip=30.0pt
* \marginparwidth=38.0pt
* \marginparsep=7.0pt
* \columnsep=10.0pt
* \skip\footins=10.8pt plus 4.0pt minus 2.0pt
* \hoffset=0.0pt
* \voffset=0.0pt
* \mag=1000
* \@twocolumnfalse
* \@twosidefalse
* \@mparswitchfalse
* \@reversemarginfalse
* (1in=72.27pt=25.4mm, 1cm=28.453pt)

LaTeX Info: Redefining \. on input line 63.
LaTeX Info: Redefining \% on input line 63.
Package caption Info: Begin \AtBeginDocument code.
Package caption Info: longtable package is loaded.
(/usr/share/texlive/texmf-dist/tex/latex/caption/ltcaption.sty
Package: ltcaption 2013/06/09 v1.4-94 longtable captions (AR)
)
Package caption Info: End \AtBeginDocument code.
ABD: EveryShipout initializing macros
Package hyperref Info: Option `breaklinks' set `true' on input line 108.
Package hyperref Info: Option `raiselinks' set `true' on input line 108.
Package hyperref Info: Option `pageanchor' set `true' on input line 108.
<./Figures/logo-pol.png, id=155, 150.5625pt x 224.84pt>
File: ./Figures/logo-pol.png Graphic file (type png)
<use ./Figures/logo-pol.png>
Package pdftex.def Info: ./Figures/logo-pol.png  used on input line 108. on inp
ut line 108.
Package pdftex.def Info: Requested size: 85.35826pt x 127.47397pt on input line
 108.
LaTeX Font Info:    Try loading font information for OT1+lmss on input line 108
.
(/usr/share/texmf/tex/latex/lm/ot1lmss.fd
File: ot1lmss.fd 2009/10/30 v1.6 Font defs for Latin Modern
) (/usr/share/texmf/tex/latex/lm/omllmm.fd) (/usr/share/texmf/tex/latex/lm/omsl
msy.fd) (/usr/share/texmf/tex/latex/lm/omxlmex.fd) (/usr/share/texlive/texmf-di
st/tex/latex/amsfonts/umsa.fd) (/usr/share/texlive/texmf-dist/tex/latex/amsfont
s/umsb.fd) (/usr/share/texlive/texmf-dist/tex/latex/jknapltx/ursfs.fd) (/usr/sh
are/texlive/texmf-dist/tex/latex/esvect/uesvect.fd)
Overfull \hbox (17.62482pt too wide) in paragraph at lines 108--108
[]$[]$ 
 []

[1


{/var/lib/texmf/fonts/map/pdftex/updmap/pdftex.map} <./Figures/logo-pol.png (PN
G copy)>] [2

]

Package Fancyhdr Warning: \headheight is too small (12.0pt): 
 Make it at least 14.49998pt.
 We now make it that large for the rest of the document.
 This may cause the page layout to be inconsistent, however.

[3

]
\openout2 = `dedicatoria.aux'.

(/home/lg_more/github/maestria-tesis/libro/dedicatoria.tex) [4


]
\openout2 = `agradecimientos.aux'.

(/home/lg_more/github/maestria-tesis/libro/agradecimientos.tex) [5



]
\openout2 = `resumen.aux'.

(/home/lg_more/github/maestria-tesis/libro/resumen.tex
Underfull \hbox (badness 10000) in paragraph at lines 1--1
[]|\OT1/lmr/m/n/12 Luis Gui-ller-mo Mor^^Se
 []

) [6



]
\openout2 = `abstract.aux'.

(/home/lg_more/github/maestria-tesis/libro/abstract.tex
LaTeX Info: Redefining \. on input line 11.
LaTeX Info: Redefining \% on input line 11.
) [7



] (/home/lg_more/github/maestria-tesis/libro/thesis.toc
LaTeX Info: Redefining \. on input line 1.
LaTeX Info: Redefining \% on input line 1.
LaTeX Info: Redefining \. on input line 3.
LaTeX Info: Redefining \% on input line 3.

LaTeX Font Warning: Font shape `OT1/lmr/bx/sc' undefined
(Font)              using `OT1/lmr/bx/n' instead on input line 4.


Package spanish Warning: Replacing `OT1/lmr/bx/sc' by 
(spanish)                faked small caps on input line 4.


Package spanish Warning: Replacing `OT1/lmr/bx/sc' by 
(spanish)                faked small caps on input line 5.


Package spanish Warning: Replacing `OT1/lmr/bx/sc' by 
(spanish)                faked small caps on input line 6.


Package spanish Warning: Replacing `OT1/lmr/bx/sc' by 
(spanish)                faked small caps on input line 7.

[8


]
LaTeX Font Info:    Try loading font information for OT1+lmtt on input line 36.

(/usr/share/texmf/tex/latex/lm/ot1lmtt.fd
File: ot1lmtt.fd 2009/10/30 v1.6 Font defs for Latin Modern
))
\tf@toc=\write8
\openout8 = `thesis.toc'.

[9] (/home/lg_more/github/maestria-tesis/libro/thesis.lof
LaTeX Info: Redefining \. on input line 1.
LaTeX Info: Redefining \% on input line 1.
LaTeX Info: Redefining \. on input line 3.
LaTeX Info: Redefining \% on input line 3.

Overfull \hbox (8.64922pt too wide) in paragraph at lines 32--32
 [][] [][]\OT1/lmr/m/n/12 Im^^Sage-nes ori-gi-nal y re-sul-tan-tes pa-ra la ima
-gen de prue-ba \OT1/lmtt/m/n/12 calhouse[]- 
 []

[10

])
\tf@lof=\write9
\openout9 = `thesis.lof'.

[11] [12] (/home/lg_more/github/maestria-tesis/libro/thesis.lot
LaTeX Info: Redefining \. on input line 1.
LaTeX Info: Redefining \% on input line 1.
LaTeX Info: Redefining \. on input line 3.
LaTeX Info: Redefining \% on input line 3.
)
\tf@lot=\write10
\openout10 = `thesis.lot'.

[13

]
\openout2 = `symbols.aux'.

(/home/lg_more/github/maestria-tesis/libro/symbols.tex

LaTeX Warning: Reference `symbol:ioriginal' on page \es@scroman {xiv} undefined
 on input line 7.


LaTeX Warning: Reference `symbol:intset' on page \es@scroman {xiv} undefined on
 input line 8.


LaTeX Warning: Reference `symbol:intset' on page \es@scroman {xiv} undefined on
 input line 9.


LaTeX Warning: Reference `symbol:valorm' on page \es@scroman {xiv} undefined on
 input line 11.


LaTeX Warning: Reference `symbol:valorc' on page \es@scroman {xiv} undefined on
 input line 12.


LaTeX Warning: Reference `symbol:j' on page \es@scroman {xiv} undefined on inpu
t line 13.


LaTeX Warning: Reference `symbol:fk' on page \es@scroman {xiv} undefined on inp
ut line 14.


LaTeX Warning: Reference `symbol:L' on page \es@scroman {xiv} undefined on inpu
t line 15.


LaTeX Warning: Reference `symbol:hfk' on page \es@scroman {xiv} undefined on in
put line 16.


LaTeX Warning: Reference `symbol:nj' on page \es@scroman {xiv} undefined on inp
ut line 17.


LaTeX Warning: Reference `symbol:se' on page \es@scroman {xiv} undefined on inp
ut line 18.


LaTeX Warning: Reference `symbol:uv' on page \es@scroman {xiv} undefined on inp
ut line 19.


LaTeX Warning: Reference `symbol:st' on page \es@scroman {xiv} undefined on inp
ut line 20.


LaTeX Warning: Reference `symbol:dil' on page \es@scroman {xiv} undefined on in
put line 21.


LaTeX Warning: Reference `symbol:ero' on page \es@scroman {xiv} undefined on in
put line 22.


LaTeX Warning: Reference `symbol:ape' on page \es@scroman {xiv} undefined on in
put line 23.


LaTeX Warning: Reference `symbol:cie' on page \es@scroman {xiv} undefined on in
put line 24.


LaTeX Warning: Reference `symbol:wth' on page \es@scroman {xiv} undefined on in
put line 25.


LaTeX Warning: Reference `symbol:bth' on page \es@scroman {xiv} undefined on in
put line 26.


LaTeX Warning: Reference `symbol:fen' on page \es@scroman {xiv} undefined on in
put line 27.


LaTeX Warning: Reference `symbol:fk2' on page \es@scroman {xiv} undefined on in
put line 28.


LaTeX Warning: Reference `symbol:fk2' on page \es@scroman {xiv} undefined on in
put line 29.


LaTeX Warning: Reference `symbol:fk2' on page \es@scroman {xiv} undefined on in
put line 30.


LaTeX Warning: Reference `symbol:wp' on page \es@scroman {xiv} undefined on inp
ut line 31.


LaTeX Warning: Reference `symbol:tf' on page \es@scroman {xiv} undefined on inp
ut line 32.


LaTeX Warning: Reference `symbol:n' on page \es@scroman {xiv} undefined on inpu
t line 33.


LaTeX Warning: Reference `symbol:i' on page \es@scroman {xiv} undefined on inpu
t line 34.

[14


]

LaTeX Warning: Reference `symbol:wthi' on page \es@scroman {xv} undefined on in
put line 41.


LaTeX Warning: Reference `symbol:bthi' on page \es@scroman {xv} undefined on in
put line 42.


LaTeX Warning: Reference `symbol:wthsi' on page \es@scroman {xv} undefined on i
nput line 43.


LaTeX Warning: Reference `symbol:wthsi' on page \es@scroman {xv} undefined on i
nput line 44.


LaTeX Warning: Reference `symbol:wthm' on page \es@scroman {xv} undefined on in
put line 45.


LaTeX Warning: Reference `symbol:bthm' on page \es@scroman {xv} undefined on in
put line 46.


LaTeX Warning: Reference `se_03_p' on page \es@scroman {xv} undefined on input 
line 47.


LaTeX Warning: Reference `se_04_p' on page \es@scroman {xv} undefined on input 
line 48.


LaTeX Warning: Reference `symbol:E' on page \es@scroman {xv} undefined on input
 line 49.


LaTeX Warning: Reference `symbol:P' on page \es@scroman {xv} undefined on input
 line 50.


LaTeX Warning: Reference `rho' on page \es@scroman {xv} undefined on input line
 51.


LaTeX Warning: Reference `iota' on page \es@scroman {xv} undefined on input lin
e 52.


LaTeX Warning: Reference `lc' on page \es@scroman {xv} undefined on input line 
53.


LaTeX Warning: Reference `D' on page \es@scroman {xv} undefined on input line 5
4.


LaTeX Warning: Reference `symbol:gamma' on page \es@scroman {xv} undefined on i
nput line 55.


LaTeX Warning: Reference `symbol:beta' on page \es@scroman {xv} undefined on in
put line 56.


LaTeX Warning: Reference `symbol:cm' on page \es@scroman {xv} undefined on inpu
t line 57.


LaTeX Warning: Reference `symbol:cm' on page \es@scroman {xv} undefined on inpu
t line 58.


LaTeX Warning: Reference `symbol:cm' on page \es@scroman {xv} undefined on inpu
t line 59.


LaTeX Warning: Reference `symbol:cm' on page \es@scroman {xv} undefined on inpu
t line 60.

)
Overfull \hbox (6.73631pt too wide) in paragraph at lines 39--125
[][] 
 []

[15]
\openout2 = `abreviaturas.aux'.

(/home/lg_more/github/maestria-tesis/libro/abreviaturas.tex) [16



]
\openout2 = `chap01.aux'.

(/home/lg_more/github/maestria-tesis/libro/chap01.tex
Cap\IeC {\'\i }tulo 1.
[1




]
<./Figures/chest.jpg, id=431, 513.92pt x 421.575pt>
File: ./Figures/chest.jpg Graphic file (type jpg)
<use ./Figures/chest.jpg>
Package pdftex.def Info: ./Figures/chest.jpg  used on input line 31. on input l
ine 31.
Package pdftex.def Info: Requested size: 165.02347pt x 135.3699pt on input line
 31.
<./Figures/chestclahe1.jpg, id=432, 513.92pt x 421.575pt>
File: ./Figures/chestclahe1.jpg Graphic file (type jpg)
<use ./Figures/chestclahe1.jpg>
Package pdftex.def Info: ./Figures/chestclahe1.jpg  used on input line 38. on i
nput line 38.
Package pdftex.def Info: Requested size: 165.02347pt x 135.3699pt on input line
 38.
[2 <./Figures/chest.jpg> <./Figures/chestclahe1.jpg>]) [3]
\openout2 = `chap02.aux'.

(/home/lg_more/github/maestria-tesis/libro/chap02.tex
Cap\IeC {\'\i }tulo 2.
[4



] [5]
<./Figures/Paolina_256_hist.jpg, id=471, 521.95pt x 254.9525pt>
File: ./Figures/Paolina_256_hist.jpg Graphic file (type jpg)
<use ./Figures/Paolina_256_hist.jpg>
Package pdftex.def Info: ./Figures/Paolina_256_hist.jpg  used on input line 74.
 on input line 74.
Package pdftex.def Info: Requested size: 412.56497pt x 201.52307pt on input lin
e 74.
<./Figures/Paolina_256_hist_eq.jpg, id=472, 521.95pt x 256.96pt>
File: ./Figures/Paolina_256_hist_eq.jpg Graphic file (type jpg)
<use ./Figures/Paolina_256_hist_eq.jpg>
Package pdftex.def Info: ./Figures/Paolina_256_hist_eq.jpg  used on input line 
81. on input line 81.
Package pdftex.def Info: Requested size: 412.56497pt x 203.10988pt on input lin
e 81.

Overfull \hbox (2.61107pt too wide) in paragraph at lines 81--82
 [] [][] 
 []

[6] [7 <./Figures/Paolina_256_hist.jpg> <./Figures/Paolina_256_hist_eq.jpg>]
Overfull \hbox (9.85pt too wide) in paragraph at lines 92--92
|[]\OT1/lmr/bx/n/17.28 Contrast Li-mi-ted Adap-ti-ve His-to-gram Equa-
 []

[8]
<./Figures/495px-Clahe-redist.jpg, id=494, 496.85625pt x 180.675pt>
File: ./Figures/495px-Clahe-redist.jpg Graphic file (type jpg)
<use ./Figures/495px-Clahe-redist.jpg>
Package pdftex.def Info: ./Figures/495px-Clahe-redist.jpg  used on input line 1
24. on input line 124.
Package pdftex.def Info: Requested size: 206.28249pt x 75.0118pt on input line 
124.
[9 <./Figures/495px-Clahe-redist.jpg>]
<./Figures/cubo-rgb.jpg, id=503, 755.82375pt x 644.4075pt>
File: ./Figures/cubo-rgb.jpg Graphic file (type jpg)
<use ./Figures/cubo-rgb.jpg>
Package pdftex.def Info: ./Figures/cubo-rgb.jpg  used on input line 151. on inp
ut line 151.
Package pdftex.def Info: Requested size: 206.28249pt x 175.87042pt on input lin
e 151.
[10]
LaTeX Font Info:    External font `lmex10' loaded for size
(Font)              <14.4> on input line 160.
LaTeX Font Info:    External font `lmex10' loaded for size
(Font)              <10> on input line 160.
LaTeX Font Info:    External font `lmex10' loaded for size
(Font)              <7> on input line 160.

Package hyperref Warning: Token not allowed in a PDF string (PDFDocEncoding):
(hyperref)                removing `math shift' on input line 160.


Package hyperref Warning: Token not allowed in a PDF string (PDFDocEncoding):
(hyperref)                removing `math shift' on input line 160.

<./Figures/220px-Barns_grand_tetons_YCbCr_separation.jpg, id=512, 220.825pt x 6
59.46375pt>
File: ./Figures/220px-Barns_grand_tetons_YCbCr_separation.jpg Graphic file (typ
e jpg)
<use ./Figures/220px-Barns_grand_tetons_YCbCr_separation.jpg>
Package pdftex.def Info: ./Figures/220px-Barns_grand_tetons_YCbCr_separation.jp
g  used on input line 206. on input line 206.
Package pdftex.def Info: Requested size: 206.28249pt x 616.06215pt on input lin
e 206.
[11 <./Figures/cubo-rgb.jpg>] [12] [13 <./Figures/220px-Barns_grand_tetons_YCbC
r_separation.jpg>] [14]
<./Figures/ejemplopso/capas-0.png, id=543, 562.1pt x 421.575pt>
File: ./Figures/ejemplopso/capas-0.png Graphic file (type png)
<use ./Figures/ejemplopso/capas-0.png>
Package pdftex.def Info: ./Figures/ejemplopso/capas-0.png  used on input line 3
02. on input line 302.
Package pdftex.def Info: Requested size: 185.65297pt x 139.23596pt on input lin
e 302.
<./Figures/ejemplopso/capas-8.png, id=544, 562.1pt x 421.575pt>
File: ./Figures/ejemplopso/capas-8.png Graphic file (type png)
<use ./Figures/ejemplopso/capas-8.png>
Package pdftex.def Info: ./Figures/ejemplopso/capas-8.png  used on input line 3
09. on input line 309.
Package pdftex.def Info: Requested size: 185.65297pt x 139.23596pt on input lin
e 309.
<./Figures/ejemplopso/capas-21.png, id=545, 562.1pt x 421.575pt>
File: ./Figures/ejemplopso/capas-21.png Graphic file (type png)
<use ./Figures/ejemplopso/capas-21.png>
Package pdftex.def Info: ./Figures/ejemplopso/capas-21.png  used on input line 
317. on input line 317.
Package pdftex.def Info: Requested size: 185.65297pt x 139.23596pt on input lin
e 317.
<./Figures/ejemplopso/capas-42.png, id=546, 562.1pt x 421.575pt>
File: ./Figures/ejemplopso/capas-42.png Graphic file (type png)
<use ./Figures/ejemplopso/capas-42.png>
Package pdftex.def Info: ./Figures/ejemplopso/capas-42.png  used on input line 
323. on input line 323.
Package pdftex.def Info: Requested size: 185.65297pt x 139.23596pt on input lin
e 323.
<./Figures/ejemplopso/capas-75.png, id=547, 562.1pt x 421.575pt>
File: ./Figures/ejemplopso/capas-75.png Graphic file (type png)
<use ./Figures/ejemplopso/capas-75.png>
Package pdftex.def Info: ./Figures/ejemplopso/capas-75.png  used on input line 
332. on input line 332.
Package pdftex.def Info: Requested size: 185.65297pt x 139.23596pt on input lin
e 332.
<./Figures/ejemplopso/capas-79.png, id=548, 562.1pt x 421.575pt>
File: ./Figures/ejemplopso/capas-79.png Graphic file (type png)
<use ./Figures/ejemplopso/capas-79.png>
Package pdftex.def Info: ./Figures/ejemplopso/capas-79.png  used on input line 
339. on input line 339.
Package pdftex.def Info: Requested size: 185.65297pt x 139.23596pt on input lin
e 339.
<./Figures/ejemplopso/capas-95.png, id=549, 562.1pt x 421.575pt>
File: ./Figures/ejemplopso/capas-95.png Graphic file (type png)
<use ./Figures/ejemplopso/capas-95.png>
Package pdftex.def Info: ./Figures/ejemplopso/capas-95.png  used on input line 
346. on input line 346.
Package pdftex.def Info: Requested size: 185.65297pt x 139.23596pt on input lin
e 346.
<./Figures/ejemplopso/capas-99.png, id=550, 562.1pt x 421.575pt>
File: ./Figures/ejemplopso/capas-99.png Graphic file (type png)
<use ./Figures/ejemplopso/capas-99.png>
Package pdftex.def Info: ./Figures/ejemplopso/capas-99.png  used on input line 
355. on input line 355.
Package pdftex.def Info: Requested size: 185.65297pt x 139.23596pt on input lin
e 355.

LaTeX Warning: Float too large for page by 32.61351pt on input line 362.

[15]
<./Figures/lennaejemplo.jpg, id=563, 1188.44pt x 585.18625pt>
File: ./Figures/lennaejemplo.jpg Graphic file (type jpg)
<use ./Figures/lennaejemplo.jpg>
Package pdftex.def Info: ./Figures/lennaejemplo.jpg  used on input line 444. on
 input line 444.
Package pdftex.def Info: Requested size: 350.68274pt x 172.67308pt on input lin
e 444.
File: ./Figures/lennaejemplo.jpg Graphic file (type jpg)
<use ./Figures/lennaejemplo.jpg>
Package pdftex.def Info: ./Figures/lennaejemplo.jpg  used on input line 466. on
 input line 466.
Package pdftex.def Info: Requested size: 350.68274pt x 172.67308pt on input lin
e 466.
[16 <./Figures/lennaejemplo.jpg>]) [17] [18 <./Figures/ejemplopso/capas-0.png> 
<./Figures/ejemplopso/capas-8.png> <./Figures/ejemplopso/capas-21.png> <./Figur
es/ejemplopso/capas-42.png> <./Figures/ejemplopso/capas-75.png> <./Figures/ejem
plopso/capas-79.png> <./Figures/ejemplopso/capas-95.png> <./Figures/ejemplopso/
capas-99.png>]
\openout2 = `chap03.aux'.

(/home/lg_more/github/maestria-tesis/libro/chap03.tex
Cap\IeC {\'\i }tulo 3.

Overfull \hbox (40.99179pt too wide) in paragraph at lines 1--1
|\OT1/lmr/bx/n/20.74 FORMULACI[]ON DEL PRO-BLE-MA PLAN-
 []


Overfull \hbox (18.75835pt too wide) in paragraph at lines 25--25
[] 
 []

[19



]
LaTeX Font Info:    External font `lmex10' loaded for size
(Font)              <5> on input line 69.
Package hyperref Info: bookmark level for unknown algorithm defaults to 0 on in
put line 99.
[20]
Overfull \hbox (18.98935pt too wide) in paragraph at lines 103--104
[]\OT1/lmr/bx/sc/12 El Al-go-rit-mo []1[] \OT1/lmr/m/n/12 mues-tra c^^Somo PSO-
CLAHE Co-lor Multi-Objetivo ($\OML/lmm/m/it/12 CMOPSO \OMS/lmsy/m/n/12 ^^@
 []

[21]) [22]
\openout2 = `chap04.aux'.

(/home/lg_more/github/maestria-tesis/libro/chap04.tex
Cap\IeC {\'\i }tulo 4.
[23



]
<./Figures/calhouse_0230.jpg, id=635, 246.9225pt x 163.61125pt>
File: ./Figures/calhouse_0230.jpg Graphic file (type jpg)
<use ./Figures/calhouse_0230.jpg>
Package pdftex.def Info: ./Figures/calhouse_0230.jpg  used on input line 72. on
 input line 72.
Package pdftex.def Info: Requested size: 185.65297pt x 123.0127pt on input line
 72.

Underfull \hbox (badness 2368) in paragraph at lines 72--72
[]\OT1/lmr/m/n/10 (a) Ima-gen Ori-gi-nal. $[] = 0[]207231$,
 []

<./Figures/calhouse_0230_20-25165283474-10.jpg, id=636, 246.9225pt x 163.61125p
t>
File: ./Figures/calhouse_0230_20-25165283474-10.jpg Graphic file (type jpg)
<use ./Figures/calhouse_0230_20-25165283474-10.jpg>
Package pdftex.def Info: ./Figures/calhouse_0230_20-25165283474-10.jpg  used on
 input line 80. on input line 80.
Package pdftex.def Info: Requested size: 185.65297pt x 123.0127pt on input line
 80.

Underfull \hbox (badness 1259) in paragraph at lines 80--80
[]\OT1/lmr/m/n/10 (b) Ima-gen me-jo-ra-da. $[] = 0[]611275$,
 []


Underfull \hbox (badness 10000) in paragraph at lines 80--80
\OML/lmm/m/it/10 SSIM[] \OT1/lmr/m/n/10 = 0[]00897331$, $\OML/lmm/m/it/10 SSIM[
] \OT1/lmr/m/n/10 =
 []

<./Figures/calhouse_0230_20-62968204656-00.jpg, id=637, 246.9225pt x 163.61125p
t>
File: ./Figures/calhouse_0230_20-62968204656-00.jpg Graphic file (type jpg)
<use ./Figures/calhouse_0230_20-62968204656-00.jpg>
Package pdftex.def Info: ./Figures/calhouse_0230_20-62968204656-00.jpg  used on
 input line 89. on input line 89.
Package pdftex.def Info: Requested size: 185.65297pt x 123.0127pt on input line
 89.
<./Figures/calhouse_0230_20-20-0020072469292179818.jpg, id=638, 246.9225pt x 16
3.61125pt>
File: ./Figures/calhouse_0230_20-20-0020072469292179818.jpg Graphic file (type 
jpg)
<use ./Figures/calhouse_0230_20-20-0020072469292179818.jpg>
Package pdftex.def Info: ./Figures/calhouse_0230_20-20-0020072469292179818.jpg 
 used on input line 96. on input line 96.
Package pdftex.def Info: Requested size: 185.65297pt x 123.0127pt on input line
 96.

Underfull \hbox (badness 1259) in paragraph at lines 96--96
[]\OT1/lmr/m/n/10 (d) Ima-gen me-jo-ra-da. $[] = 0[]788927$,
 []


Underfull \hbox (badness 6792) in paragraph at lines 96--96
\OML/lmm/m/it/10 SSIM[] \OT1/lmr/m/n/10 = 0[]000204143$, $\OML/lmm/m/it/10 SSIM
[] \OT1/lmr/m/n/10 =
 []

[24]
<./Figures/pareto_front.jpg, id=645, 441.22737pt x 300.49106pt>
File: ./Figures/pareto_front.jpg Graphic file (type jpg)
<use ./Figures/pareto_front.jpg>
Package pdftex.def Info: ./Figures/pareto_front.jpg  used on input line 140. on
 input line 140.
Package pdftex.def Info: Requested size: 330.05322pt x 224.78082pt on input lin
e 140.
[25 <./Figures/calhouse_0230.jpg> <./Figures/calhouse_0230_20-25165283474-10.jp
g> <./Figures/calhouse_0230_20-62968204656-00.jpg> <./Figures/calhouse_0230_20-
20-0020072469292179818.jpg>] [26 <./Figures/pareto_front.jpg>]) [27]
\openout2 = `chap05.aux'.

(/home/lg_more/github/maestria-tesis/libro/chap05.tex
Cap\IeC {\'\i }tulo 5.

Package hyperref Warning: Token not allowed in a PDF string (PDFDocEncoding):
(hyperref)                removing `\\' on input line 1.

[28



]) [29] (/home/lg_more/github/maestria-tesis/libro/thesis.bbl [30



] [31]) [32]
\openout2 = `AnexoA.aux'.

(/home/lg_more/github/maestria-tesis/libro/AnexoA.tex
LaTeX Font Info:    Font shape `OT1/lmtt/bx/n' in size <17.28> not available
(Font)              Font shape `OT1/lmtt/b/n' tried instead on input line 8.

Underfull \vbox (badness 10000) detected at line 35
 []

[33


] [34] [35]
<./Figures/calhouse_230/0-resultado.jpg, id=708, 246.9225pt x 163.61125pt>
File: ./Figures/calhouse_230/0-resultado.jpg Graphic file (type jpg)
<use ./Figures/calhouse_230/0-resultado.jpg>
Package pdftex.def Info: ./Figures/calhouse_230/0-resultado.jpg  used on input 
line 210. on input line 210.
Package pdftex.def Info: Requested size: 185.65297pt x 123.0127pt on input line
 210.
<./Figures/calhouse_230/1-resultado.jpg, id=709, 246.9225pt x 163.61125pt>
File: ./Figures/calhouse_230/1-resultado.jpg Graphic file (type jpg)
<use ./Figures/calhouse_230/1-resultado.jpg>
Package pdftex.def Info: ./Figures/calhouse_230/1-resultado.jpg  used on input 
line 218. on input line 218.
Package pdftex.def Info: Requested size: 185.65297pt x 123.0127pt on input line
 218.
<./Figures/calhouse_230/23-resultado.jpg, id=710, 246.9225pt x 163.61125pt>
File: ./Figures/calhouse_230/23-resultado.jpg Graphic file (type jpg)
<use ./Figures/calhouse_230/23-resultado.jpg>
Package pdftex.def Info: ./Figures/calhouse_230/23-resultado.jpg  used on input
 line 227. on input line 227.
Package pdftex.def Info: Requested size: 185.65297pt x 123.0127pt on input line
 227.
<./Figures/calhouse_230/24-resultado.jpg, id=711, 246.9225pt x 163.61125pt>
File: ./Figures/calhouse_230/24-resultado.jpg Graphic file (type jpg)
<use ./Figures/calhouse_230/24-resultado.jpg>
Package pdftex.def Info: ./Figures/calhouse_230/24-resultado.jpg  used on input
 line 234. on input line 234.
Package pdftex.def Info: Requested size: 185.65297pt x 123.0127pt on input line
 234.
<./Figures/calhouse_230/56-resultado.jpg, id=712, 246.9225pt x 163.61125pt>
File: ./Figures/calhouse_230/56-resultado.jpg Graphic file (type jpg)
<use ./Figures/calhouse_230/56-resultado.jpg>
Package pdftex.def Info: ./Figures/calhouse_230/56-resultado.jpg  used on input
 line 243. on input line 243.
Package pdftex.def Info: Requested size: 185.65297pt x 123.0127pt on input line
 243.
<./Figures/calhouse_230/calhouse_230.jpg, id=713, 246.9225pt x 163.61125pt>
File: ./Figures/calhouse_230/calhouse_230.jpg Graphic file (type jpg)
<use ./Figures/calhouse_230/calhouse_230.jpg>
Package pdftex.def Info: ./Figures/calhouse_230/calhouse_230.jpg  used on input
 line 250. on input line 250.
Package pdftex.def Info: Requested size: 185.65297pt x 123.0127pt on input line
 250.
[36]
<./Figures/calhouse_230/calhouse_230_2.jpg, id=721, 1112.65688pt x 632.17232pt>

File: ./Figures/calhouse_230/calhouse_230_2.jpg Graphic file (type jpg)
<use ./Figures/calhouse_230/calhouse_230_2.jpg>
Package pdftex.def Info: ./Figures/calhouse_230/calhouse_230_2.jpg  used on inp
ut line 261. on input line 261.
Package pdftex.def Info: Requested size: 412.56497pt x 234.40169pt on input lin
e 261.
[37 <./Figures/calhouse_230/0-resultado.jpg> <./Figures/calhouse_230/1-resultad
o.jpg> <./Figures/calhouse_230/23-resultado.jpg> <./Figures/calhouse_230/24-res
ultado.jpg> <./Figures/calhouse_230/56-resultado.jpg> <./Figures/calhouse_230/c
alhouse_230.jpg>]
Underfull \vbox (badness 10000) detected at line 297
 []

[38 <./Figures/calhouse_230/calhouse_230_2.jpg>] [39]
<./Figures/calhouse_231/0-resultado.jpg, id=743, 246.9225pt x 163.61125pt>
File: ./Figures/calhouse_231/0-resultado.jpg Graphic file (type jpg)
<use ./Figures/calhouse_231/0-resultado.jpg>
Package pdftex.def Info: ./Figures/calhouse_231/0-resultado.jpg  used on input 
line 401. on input line 401.
Package pdftex.def Info: Requested size: 185.65297pt x 123.0127pt on input line
 401.
<./Figures/calhouse_231/1-resultado.jpg, id=744, 246.9225pt x 163.61125pt>
File: ./Figures/calhouse_231/1-resultado.jpg Graphic file (type jpg)
<use ./Figures/calhouse_231/1-resultado.jpg>
Package pdftex.def Info: ./Figures/calhouse_231/1-resultado.jpg  used on input 
line 409. on input line 409.
Package pdftex.def Info: Requested size: 185.65297pt x 123.0127pt on input line
 409.
<./Figures/calhouse_231/28-resultado.jpg, id=745, 246.9225pt x 163.61125pt>
File: ./Figures/calhouse_231/28-resultado.jpg Graphic file (type jpg)
<use ./Figures/calhouse_231/28-resultado.jpg>
Package pdftex.def Info: ./Figures/calhouse_231/28-resultado.jpg  used on input
 line 418. on input line 418.
Package pdftex.def Info: Requested size: 185.65297pt x 123.0127pt on input line
 418.
<./Figures/calhouse_231/29-resultado.jpg, id=746, 246.9225pt x 163.61125pt>
File: ./Figures/calhouse_231/29-resultado.jpg Graphic file (type jpg)
<use ./Figures/calhouse_231/29-resultado.jpg>
Package pdftex.def Info: ./Figures/calhouse_231/29-resultado.jpg  used on input
 line 425. on input line 425.
Package pdftex.def Info: Requested size: 185.65297pt x 123.0127pt on input line
 425.
<./Figures/calhouse_231/102-resultado.jpg, id=747, 246.9225pt x 163.61125pt>
File: ./Figures/calhouse_231/102-resultado.jpg Graphic file (type jpg)
<use ./Figures/calhouse_231/102-resultado.jpg>
Package pdftex.def Info: ./Figures/calhouse_231/102-resultado.jpg  used on inpu
t line 434. on input line 434.
Package pdftex.def Info: Requested size: 185.65297pt x 123.0127pt on input line
 434.
<./Figures/calhouse_231/calhouse_231.jpg, id=748, 246.9225pt x 163.61125pt>
File: ./Figures/calhouse_231/calhouse_231.jpg Graphic file (type jpg)
<use ./Figures/calhouse_231/calhouse_231.jpg>
Package pdftex.def Info: ./Figures/calhouse_231/calhouse_231.jpg  used on input
 line 441. on input line 441.
Package pdftex.def Info: Requested size: 185.65297pt x 123.0127pt on input line
 441.
[40]
<./Figures/calhouse_231/calhouse_231_2.jpg, id=755, 909.84126pt x 506.6428pt>
File: ./Figures/calhouse_231/calhouse_231_2.jpg Graphic file (type jpg)
<use ./Figures/calhouse_231/calhouse_231_2.jpg>
Package pdftex.def Info: ./Figures/calhouse_231/calhouse_231_2.jpg  used on inp
ut line 453. on input line 453.
Package pdftex.def Info: Requested size: 412.56497pt x 229.74203pt on input lin
e 453.
[41 <./Figures/calhouse_231/0-resultado.jpg> <./Figures/calhouse_231/1-resultad
o.jpg> <./Figures/calhouse_231/28-resultado.jpg> <./Figures/calhouse_231/29-res
ultado.jpg> <./Figures/calhouse_231/102-resultado.jpg> <./Figures/calhouse_231/
calhouse_231.jpg>]
Underfull \vbox (badness 10000) detected at line 488
 []

[42 <./Figures/calhouse_231/calhouse_231_2.jpg>] [43]
<./Figures/calhouse_233/6-resultado.jpg, id=776, 246.9225pt x 163.61125pt>
File: ./Figures/calhouse_233/6-resultado.jpg Graphic file (type jpg)
<use ./Figures/calhouse_233/6-resultado.jpg>
Package pdftex.def Info: ./Figures/calhouse_233/6-resultado.jpg  used on input 
line 607. on input line 607.
Package pdftex.def Info: Requested size: 185.65297pt x 123.0127pt on input line
 607.
<./Figures/calhouse_233/7-resultado.jpg, id=777, 246.9225pt x 163.61125pt>
File: ./Figures/calhouse_233/7-resultado.jpg Graphic file (type jpg)
<use ./Figures/calhouse_233/7-resultado.jpg>
Package pdftex.def Info: ./Figures/calhouse_233/7-resultado.jpg  used on input 
line 614. on input line 614.
Package pdftex.def Info: Requested size: 185.65297pt x 123.0127pt on input line
 614.
<./Figures/calhouse_233/46-resultado.jpg, id=778, 246.9225pt x 163.61125pt>
File: ./Figures/calhouse_233/46-resultado.jpg Graphic file (type jpg)
<use ./Figures/calhouse_233/46-resultado.jpg>
Package pdftex.def Info: ./Figures/calhouse_233/46-resultado.jpg  used on input
 line 622. on input line 622.
Package pdftex.def Info: Requested size: 185.65297pt x 123.0127pt on input line
 622.
<./Figures/calhouse_233/47-resultado.jpg, id=779, 246.9225pt x 163.61125pt>
File: ./Figures/calhouse_233/47-resultado.jpg Graphic file (type jpg)
<use ./Figures/calhouse_233/47-resultado.jpg>
Package pdftex.def Info: ./Figures/calhouse_233/47-resultado.jpg  used on input
 line 628. on input line 628.
Package pdftex.def Info: Requested size: 185.65297pt x 123.0127pt on input line
 628.
<./Figures/calhouse_233/60-resultado.jpg, id=780, 246.9225pt x 163.61125pt>
File: ./Figures/calhouse_233/60-resultado.jpg Graphic file (type jpg)
<use ./Figures/calhouse_233/60-resultado.jpg>
Package pdftex.def Info: ./Figures/calhouse_233/60-resultado.jpg  used on input
 line 637. on input line 637.
Package pdftex.def Info: Requested size: 185.65297pt x 123.0127pt on input line
 637.
<./Figures/calhouse_233/calhouse_233.jpg, id=781, 246.9225pt x 163.61125pt>
File: ./Figures/calhouse_233/calhouse_233.jpg Graphic file (type jpg)
<use ./Figures/calhouse_233/calhouse_233.jpg>
Package pdftex.def Info: ./Figures/calhouse_233/calhouse_233.jpg  used on input
 line 644. on input line 644.
Package pdftex.def Info: Requested size: 185.65297pt x 123.0127pt on input line
 644.
[44]
<./Figures/calhouse_233/calhouse_233_2.jpg, id=788, 1142.01656pt x 803.3381pt>
File: ./Figures/calhouse_233/calhouse_233_2.jpg Graphic file (type jpg)
<use ./Figures/calhouse_233/calhouse_233_2.jpg>
Package pdftex.def Info: ./Figures/calhouse_233/calhouse_233_2.jpg  used on inp
ut line 656. on input line 656.
Package pdftex.def Info: Requested size: 412.56497pt x 290.20665pt on input lin
e 656.
[45 <./Figures/calhouse_233/6-resultado.jpg> <./Figures/calhouse_233/7-resultad
o.jpg> <./Figures/calhouse_233/46-resultado.jpg> <./Figures/calhouse_233/47-res
ultado.jpg> <./Figures/calhouse_233/60-resultado.jpg> <./Figures/calhouse_233/c
alhouse_233.jpg>]
Underfull \vbox (badness 10000) detected at line 692
 []

[46 <./Figures/calhouse_233/calhouse_233_2.jpg>] [47]
<./Figures/calhouse_234/1-resultado.jpg, id=810, 246.9225pt x 163.61125pt>
File: ./Figures/calhouse_234/1-resultado.jpg Graphic file (type jpg)
<use ./Figures/calhouse_234/1-resultado.jpg>
Package pdftex.def Info: ./Figures/calhouse_234/1-resultado.jpg  used on input 
line 797. on input line 797.
Package pdftex.def Info: Requested size: 185.65297pt x 123.0127pt on input line
 797.
<./Figures/calhouse_234/2-resultado.jpg, id=811, 246.9225pt x 163.61125pt>
File: ./Figures/calhouse_234/2-resultado.jpg Graphic file (type jpg)
<use ./Figures/calhouse_234/2-resultado.jpg>
Package pdftex.def Info: ./Figures/calhouse_234/2-resultado.jpg  used on input 
line 804. on input line 804.
Package pdftex.def Info: Requested size: 185.65297pt x 123.0127pt on input line
 804.
<./Figures/calhouse_234/51-resultado.jpg, id=812, 246.9225pt x 163.61125pt>
File: ./Figures/calhouse_234/51-resultado.jpg Graphic file (type jpg)
<use ./Figures/calhouse_234/51-resultado.jpg>
Package pdftex.def Info: ./Figures/calhouse_234/51-resultado.jpg  used on input
 line 812. on input line 812.
Package pdftex.def Info: Requested size: 185.65297pt x 123.0127pt on input line
 812.
<./Figures/calhouse_234/59-resultado.jpg, id=813, 246.9225pt x 163.61125pt>
File: ./Figures/calhouse_234/59-resultado.jpg Graphic file (type jpg)
<use ./Figures/calhouse_234/59-resultado.jpg>
Package pdftex.def Info: ./Figures/calhouse_234/59-resultado.jpg  used on input
 line 818. on input line 818.
Package pdftex.def Info: Requested size: 185.65297pt x 123.0127pt on input line
 818.
<./Figures/calhouse_234/60-resultado.jpg, id=814, 246.9225pt x 163.61125pt>
File: ./Figures/calhouse_234/60-resultado.jpg Graphic file (type jpg)
<use ./Figures/calhouse_234/60-resultado.jpg>
Package pdftex.def Info: ./Figures/calhouse_234/60-resultado.jpg  used on input
 line 827. on input line 827.
Package pdftex.def Info: Requested size: 185.65297pt x 123.0127pt on input line
 827.
<./Figures/calhouse_234/calhouse_234.jpg, id=815, 246.9225pt x 163.61125pt>
File: ./Figures/calhouse_234/calhouse_234.jpg Graphic file (type jpg)
<use ./Figures/calhouse_234/calhouse_234.jpg>
Package pdftex.def Info: ./Figures/calhouse_234/calhouse_234.jpg  used on input
 line 834. on input line 834.
Package pdftex.def Info: Requested size: 185.65297pt x 123.0127pt on input line
 834.
[48]
<./Figures/calhouse_234/calhouse_234_2.jpg, id=822, 674.77357pt x 507.41147pt>
File: ./Figures/calhouse_234/calhouse_234_2.jpg Graphic file (type jpg)
<use ./Figures/calhouse_234/calhouse_234_2.jpg>
Package pdftex.def Info: ./Figures/calhouse_234/calhouse_234_2.jpg  used on inp
ut line 846. on input line 846.
Package pdftex.def Info: Requested size: 412.56497pt x 310.2406pt on input line
 846.
[49 <./Figures/calhouse_234/1-resultado.jpg> <./Figures/calhouse_234/2-resultad
o.jpg> <./Figures/calhouse_234/51-resultado.jpg> <./Figures/calhouse_234/59-res
ultado.jpg> <./Figures/calhouse_234/60-resultado.jpg> <./Figures/calhouse_234/c
alhouse_234.jpg>]
Underfull \vbox (badness 10000) detected at line 883
 []

[50 <./Figures/calhouse_234/calhouse_234_2.jpg>] [51]
<./Figures/calhouse_236/56-resultado.jpg, id=845, 246.9225pt x 163.61125pt>
File: ./Figures/calhouse_236/56-resultado.jpg Graphic file (type jpg)
<use ./Figures/calhouse_236/56-resultado.jpg>
Package pdftex.def Info: ./Figures/calhouse_236/56-resultado.jpg  used on input
 line 989. on input line 989.
Package pdftex.def Info: Requested size: 185.65297pt x 123.0127pt on input line
 989.
<./Figures/calhouse_236/61-resultado.jpg, id=846, 246.9225pt x 163.61125pt>
File: ./Figures/calhouse_236/61-resultado.jpg Graphic file (type jpg)
<use ./Figures/calhouse_236/61-resultado.jpg>
Package pdftex.def Info: ./Figures/calhouse_236/61-resultado.jpg  used on input
 line 996. on input line 996.
Package pdftex.def Info: Requested size: 185.65297pt x 123.0127pt on input line
 996.
<./Figures/calhouse_236/82-resultado.jpg, id=847, 246.9225pt x 163.61125pt>
File: ./Figures/calhouse_236/82-resultado.jpg Graphic file (type jpg)
<use ./Figures/calhouse_236/82-resultado.jpg>
Package pdftex.def Info: ./Figures/calhouse_236/82-resultado.jpg  used on input
 line 1004. on input line 1004.
Package pdftex.def Info: Requested size: 185.65297pt x 123.0127pt on input line
 1004.
<./Figures/calhouse_236/101-resultado.jpg, id=848, 246.9225pt x 163.61125pt>
File: ./Figures/calhouse_236/101-resultado.jpg Graphic file (type jpg)
<use ./Figures/calhouse_236/101-resultado.jpg>
Package pdftex.def Info: ./Figures/calhouse_236/101-resultado.jpg  used on inpu
t line 1010. on input line 1010.
Package pdftex.def Info: Requested size: 185.65297pt x 123.0127pt on input line
 1010.
<./Figures/calhouse_236/107-resultado.jpg, id=849, 246.9225pt x 163.61125pt>
File: ./Figures/calhouse_236/107-resultado.jpg Graphic file (type jpg)
<use ./Figures/calhouse_236/107-resultado.jpg>
Package pdftex.def Info: ./Figures/calhouse_236/107-resultado.jpg  used on inpu
t line 1019. on input line 1019.
Package pdftex.def Info: Requested size: 185.65297pt x 123.0127pt on input line
 1019.
<./Figures/calhouse_236/calhouse_236.jpg, id=850, 246.9225pt x 163.61125pt>
File: ./Figures/calhouse_236/calhouse_236.jpg Graphic file (type jpg)
<use ./Figures/calhouse_236/calhouse_236.jpg>
Package pdftex.def Info: ./Figures/calhouse_236/calhouse_236.jpg  used on input
 line 1026. on input line 1026.
Package pdftex.def Info: Requested size: 185.65297pt x 123.0127pt on input line
 1026.
[52]
<./Figures/calhouse_236/calhouse_236_2.jpg, id=857, 750.55406pt x 422.32782pt>
File: ./Figures/calhouse_236/calhouse_236_2.jpg Graphic file (type jpg)
<use ./Figures/calhouse_236/calhouse_236_2.jpg>
Package pdftex.def Info: ./Figures/calhouse_236/calhouse_236_2.jpg  used on inp
ut line 1038. on input line 1038.
Package pdftex.def Info: Requested size: 412.56497pt x 232.14569pt on input lin
e 1038.
[53 <./Figures/calhouse_236/56-resultado.jpg> <./Figures/calhouse_236/61-result
ado.jpg> <./Figures/calhouse_236/82-resultado.jpg> <./Figures/calhouse_236/101-
resultado.jpg> <./Figures/calhouse_236/107-resultado.jpg> <./Figures/calhouse_2
36/calhouse_236.jpg>]
Underfull \vbox (badness 10000) detected at line 1063
 []

<./Figures/calhouse_237/9048-resultado.jpg, id=870, 246.9225pt x 163.61125pt>
File: ./Figures/calhouse_237/9048-resultado.jpg Graphic file (type jpg)
<use ./Figures/calhouse_237/9048-resultado.jpg>
Package pdftex.def Info: ./Figures/calhouse_237/9048-resultado.jpg  used on inp
ut line 1071. on input line 1071.
Package pdftex.def Info: Requested size: 185.65297pt x 123.0127pt on input line
 1071.
<./Figures/calhouse_237/9090-resultado.jpg, id=871, 246.9225pt x 163.61125pt>
File: ./Figures/calhouse_237/9090-resultado.jpg Graphic file (type jpg)
<use ./Figures/calhouse_237/9090-resultado.jpg>
Package pdftex.def Info: ./Figures/calhouse_237/9090-resultado.jpg  used on inp
ut line 1078. on input line 1078.
Package pdftex.def Info: Requested size: 185.65297pt x 123.0127pt on input line
 1078.
<./Figures/calhouse_237/9095-resultado.jpg, id=872, 246.9225pt x 163.61125pt>
File: ./Figures/calhouse_237/9095-resultado.jpg Graphic file (type jpg)
<use ./Figures/calhouse_237/9095-resultado.jpg>
Package pdftex.def Info: ./Figures/calhouse_237/9095-resultado.jpg  used on inp
ut line 1086. on input line 1086.
Package pdftex.def Info: Requested size: 185.65297pt x 123.0127pt on input line
 1086.
<./Figures/calhouse_237/9162-resultado.jpg, id=873, 246.9225pt x 163.61125pt>
File: ./Figures/calhouse_237/9162-resultado.jpg Graphic file (type jpg)
<use ./Figures/calhouse_237/9162-resultado.jpg>
Package pdftex.def Info: ./Figures/calhouse_237/9162-resultado.jpg  used on inp
ut line 1092. on input line 1092.
Package pdftex.def Info: Requested size: 185.65297pt x 123.0127pt on input line
 1092.
<./Figures/calhouse_237/9175-resultado.jpg, id=874, 246.9225pt x 163.61125pt>
File: ./Figures/calhouse_237/9175-resultado.jpg Graphic file (type jpg)
<use ./Figures/calhouse_237/9175-resultado.jpg>
Package pdftex.def Info: ./Figures/calhouse_237/9175-resultado.jpg  used on inp
ut line 1101. on input line 1101.
Package pdftex.def Info: Requested size: 185.65297pt x 123.0127pt on input line
 1101.
<./Figures/calhouse_237/calhouse_237.jpg, id=875, 246.9225pt x 163.61125pt>
File: ./Figures/calhouse_237/calhouse_237.jpg Graphic file (type jpg)
<use ./Figures/calhouse_237/calhouse_237.jpg>
Package pdftex.def Info: ./Figures/calhouse_237/calhouse_237.jpg  used on input
 line 1108. on input line 1108.
Package pdftex.def Info: Requested size: 185.65297pt x 123.0127pt on input line
 1108.
[54 <./Figures/calhouse_236/calhouse_236_2.jpg>]
<./Figures/calhouse_237/calhouse_237_2.jpg, id=882, 708.39656pt x 402.4298pt>
File: ./Figures/calhouse_237/calhouse_237_2.jpg Graphic file (type jpg)
<use ./Figures/calhouse_237/calhouse_237_2.jpg>
Package pdftex.def Info: ./Figures/calhouse_237/calhouse_237_2.jpg  used on inp
ut line 1120. on input line 1120.
Package pdftex.def Info: Requested size: 412.56497pt x 234.3735pt on input line
 1120.
[55 <./Figures/calhouse_237/9048-resultado.jpg> <./Figures/calhouse_237/9090-re
sultado.jpg> <./Figures/calhouse_237/9095-resultado.jpg> <./Figures/calhouse_23
7/9162-resultado.jpg> <./Figures/calhouse_237/9175-resultado.jpg> <./Figures/ca
lhouse_237/calhouse_237.jpg>]) [56 <./Figures/calhouse_237/calhouse_237_2.jpg>]

AED: lastpage setting LastPage
Package atveryend Info: Empty hook `BeforeClearDocument' on input line 144.
Package atveryend Info: Empty hook `AfterLastShipout' on input line 144.
(/home/lg_more/github/maestria-tesis/libro/thesis.aux
LaTeX Info: Redefining \. on input line 25.
LaTeX Info: Redefining \% on input line 25.
(/home/lg_more/github/maestria-tesis/libro/dedicatoria.aux) (/home/lg_more/gith
ub/maestria-tesis/libro/agradecimientos.aux) (/home/lg_more/github/maestria-tes
is/libro/resumen.aux) (/home/lg_more/github/maestria-tesis/libro/abstract.aux
LaTeX Info: Redefining \. on input line 7.
LaTeX Info: Redefining \% on input line 7.
) (/home/lg_more/github/maestria-tesis/libro/symbols.aux) (/home/lg_more/github
/maestria-tesis/libro/abreviaturas.aux) (/home/lg_more/github/maestria-tesis/li
bro/chap01.aux) (/home/lg_more/github/maestria-tesis/libro/chap02.aux) (/home/l
g_more/github/maestria-tesis/libro/chap03.aux) (/home/lg_more/github/maestria-t
esis/libro/chap04.aux) (/home/lg_more/github/maestria-tesis/libro/chap05.aux) (
/home/lg_more/github/maestria-tesis/libro/AnexoA.aux))
Package atveryend Info: Executing hook `AtVeryEndDocument' on input line 144.
Package atveryend Info: Executing hook `AtEndAfterFileList' on input line 144.
Package rerunfilecheck Info: File `thesis.out' has not changed.
(rerunfilecheck)             Checksum: D62BB9415A42136E924A64CF583F52D6;2777.

LaTeX Font Warning: Some font shapes were not available, defaults substituted.


LaTeX Warning: There were undefined references.


LaTeX Warning: There were multiply-defined labels.

Package atveryend Info: Empty hook `AtVeryVeryEnd' on input line 144.
 ) 
Here is how much of TeX's memory you used:
 23476 strings out of 492990
 420363 string characters out of 6135005
 576850 words of memory out of 5000000
 26098 multiletter control sequences out of 15000+600000
 72225 words of font info for 80 fonts, out of 8000000 for 9000
 1141 hyphenation exceptions out of 8191
 55i,27n,86p,1750b,680s stack positions out of 5000i,500n,10000p,200000b,80000s
{/usr/share/texmf/fonts/enc/dvips/lm/lm-rmtt.enc}{/usr/share/texmf/fonts/enc/
dvips/lm/lm-mathit.enc}{/usr/share/texmf/fonts/enc/dvips/lm/lm-rm.enc}{/usr/sha
re/texmf/fonts/enc/dvips/lm/lm-mathex.enc}{/usr/share/texmf/fonts/enc/dvips/lm/
lm-mathsy.enc}{/usr/share/texmf/fonts/enc/dvips/lm/lm-rmsc.enc}</usr/share/texm
f/fonts/type1/public/lm/lmbx12.pfb></usr/share/texmf/fonts/type1/public/lm/lmbx
8.pfb></usr/share/texmf/fonts/type1/public/lm/lmbxi10.pfb></usr/share/texmf/fon
ts/type1/public/lm/lmcsc10.pfb></usr/share/texmf/fonts/type1/public/lm/lmex10.p
fb></usr/share/texmf/fonts/type1/public/lm/lmmi10.pfb></usr/share/texmf/fonts/t
ype1/public/lm/lmmi12.pfb></usr/share/texmf/fonts/type1/public/lm/lmmi5.pfb></u
sr/share/texmf/fonts/type1/public/lm/lmmi6.pfb></usr/share/texmf/fonts/type1/pu
blic/lm/lmmi7.pfb></usr/share/texmf/fonts/type1/public/lm/lmmi8.pfb></usr/share
/texmf/fonts/type1/public/lm/lmr10.pfb></usr/share/texmf/fonts/type1/public/lm/
lmr12.pfb></usr/share/texmf/fonts/type1/public/lm/lmr6.pfb></usr/share/texmf/fo
nts/type1/public/lm/lmr8.pfb></usr/share/texmf/fonts/type1/public/lm/lmri12.pfb
></usr/share/texmf/fonts/type1/public/lm/lmss10.pfb></usr/share/texmf/fonts/typ
e1/public/lm/lmsy10.pfb></usr/share/texmf/fonts/type1/public/lm/lmsy8.pfb></usr
/share/texmf/fonts/type1/public/lm/lmtk10.pfb></usr/share/texmf/fonts/type1/pub
lic/lm/lmtt12.pfb></usr/share/texmf/fonts/type1/public/lm/lmtt8.pfb></usr/share
/texlive/texmf-dist/fonts/type1/public/amsfonts/symbols/msbm10.pfb></usr/share/
texlive/texmf-dist/fonts/type1/public/rsfs/rsfs10.pfb></usr/share/texlive/texmf
-dist/fonts/type1/public/rsfs/rsfs7.pfb></usr/share/texlive/texmf-dist/fonts/ty
pe1/public/esvect/vect10.pfb></usr/share/texlive/texmf-dist/fonts/type1/public/
esvect/vect8.pfb>
Output written on /home/lg_more/github/maestria-tesis/libro/thesis.pdf (72 page
s, 2535842 bytes).
PDF statistics:
 1044 PDF objects out of 1200 (max. 8388607)
 850 compressed objects within 9 object streams
 240 named destinations out of 1000 (max. 500000)
 629 words of extra memory for PDF output out of 10000 (max. 10000000)

